#
# A fatal error has been detected by the Java Runtime Environment:
#
#  EXCEPTION_ACCESS_VIOLATION (0xc0000005) at pc=0x0000024866821050, pid=16428, tid=18392
#
# JRE version: OpenJDK Runtime Environment Temurin-21.0.6+7 (21.0.6+7) (build 21.0.6+7-LTS)
# Java VM: OpenJDK 64-Bit Server VM Temurin-21.0.6+7 (21.0.6+7-LTS, mixed mode, emulated-client, sharing, tiered, compressed oops, compressed class ptrs, g1 gc, windows-amd64)
# Problematic frame:
# v  ~BufferBlob::MethodHandles adapters 0x0000024866821050
#
# No core dump will be written. Minidumps are not enabled by default on client versions of Windows
#
# If you would like to submit a bug report, please visit:
#   https://github.com/adoptium/adoptium-support/issues
#

---------------  S U M M A R Y ------------

Command Line: -XX:+ShowCodeDetailsInExceptionMessages -agentlib:jdwp=transport=dt_socket,suspend=y,address=localhost:53898 -Dcom.sun.management.jmxremote -Dcom.sun.management.jmxremote.port=53897 -Dcom.sun.management.jmxremote.authenticate=false -Dcom.sun.management.jmxremote.ssl=false -Djava.rmi.server.hostname=localhost -Dspring.jmx.enabled=true -Dmanagement.endpoints.jmx.exposure.include=* -Dspring.application.admin.enabled=true -Dspring.output.ansi.enabled=always -XX:TieredStopAtLevel=1 -Dspring.boot.project.name=microsservices-kafka -javaagent:C:\Users\jorge\OneDrive\Desktop\sts-4.29.1.RELEASE\configuration\org.eclipse.osgi\270\0\.cp\lib\javaagent-shaded.jar -Dfile.encoding=UTF-8 -Dstdout.encoding=UTF-8 -Dstderr.encoding=UTF-8 project.spring.MicrosservicesKafkaApplication

Host: Intel(R) Core(TM) i5-6600K CPU @ 3.50GHz, 4 cores, 15G,  Windows 10 , 64 bit Build 19041 (10.0.19041.5678)
Time: Sun May  4 06:48:02 2025 Hora oficial do Brasil elapsed time: 903.264605 seconds (0d 0h 15m 3s)

---------------  T H R E A D  ---------------

Current thread (0x0000024875f099c0):  JavaThread "restartedMain"        [_thread_in_Java, id=18392, stack(0x0000008705300000,0x0000008705400000) (1024K)]

Stack: [0x0000008705300000,0x0000008705400000],  sp=0x00000087053fd978,  free space=1014k
Native frames: (J=compiled Java code, j=interpreted, Vv=VM code, C=native code)
C  0x0000024866821050

The last pc belongs to _linkToSpecial (printed below).

siginfo: EXCEPTION_ACCESS_VIOLATION (0xc0000005), reading address 0xffffffffffffffff


Registers:
RAX=0x00000248667f9086, RBX=0xe09b5ddd00000000, RCX=0x00000087053fd980, RDX=0x0000000000000002
RSP=0x00000087053fd978, RBP=0x00000087053fd9c8, RSI=0x0000024877887948, RDI=0x000002487d2267b0
R8 =0x0000000000000004, R9 =0x0000000000000004, R10=0x00007ffb99b8e040, R11=0x00000248000b5bd0
R12=0x0000000000000000, R13=0x00000087053fd978, R14=0x00000087053fd9e8, R15=0x0000024875f099c0
RIP=0x0000024866821050, EFLAGS=0x0000000000010202

XMM[0]=0x0000000000000000 0x0000000000000000
XMM[1]=0x0000000000000000 0x0000000000000000
XMM[2]=0x0000000000000000 0x0000000000000000
XMM[3]=0x0000000000000000 0x0000000000000000
XMM[4]=0x0000000000000000 0x0000000000000000
XMM[5]=0x0000000000000000 0x0000000000000000
XMM[6]=0x0000000000000000 0x0000000000000000
XMM[7]=0x0000000000000000 0x0000000000000000
XMM[8]=0x0000000000000000 0x0000000000000000
XMM[9]=0x0000000000000000 0x0000000000000000
XMM[10]=0x0000000000000000 0x0000000000000000
XMM[11]=0x0000000000000000 0x0000000000000000
XMM[12]=0x0000000000000000 0x0000000000000000
XMM[13]=0x0000000000000000 0x0000000000000000
XMM[14]=0x0000000000000000 0x0000000000000000
XMM[15]=0x0000000000000000 0x0000000000000000
  MXCSR=0x00001fa0


Register to memory mapping:

RAX=0x00000248667f9086 is at code_begin+3078 in an Interpreter codelet
return entry points  [0x00000248667f8480, 0x00000248667fa298]  7704 bytes
RBX=0xe09b5ddd00000000 is an unknown value
RCX=0x00000087053fd980 is pointing into the stack for thread: 0x0000024875f099c0
RDX=0x0000000000000002 is an unknown value
RSP=0x00000087053fd978 is pointing into the stack for thread: 0x0000024875f099c0
RBP=0x00000087053fd9c8 is pointing into the stack for thread: 0x0000024875f099c0
RSI=0x0000024877887948 points into unknown readable memory: 0x88000d62a02226c7 | c7 26 22 a0 62 0d 00 88
RDI=0x000002487d2267b0 points into unknown readable memory: 0x0000001800000070 | 70 00 00 00 18 00 00 00
R8 =0x0000000000000004 is an unknown value
R9 =0x0000000000000004 is an unknown value
R10=0x00007ffb99b8e040 jvm.dll
R11={method} {0x00000248000b5bd8} 'newInvokeSpecial' '(Ljava/lang/Object;)Ljava/lang/Object;' in 'java/lang/invoke/DirectMethodHandle$Holder'
R12=0x0 is null
R13=0x00000087053fd978 is pointing into the stack for thread: 0x0000024875f099c0
R14=0x00000087053fd9e8 is pointing into the stack for thread: 0x0000024875f099c0
R15=0x0000024875f099c0 is a thread

Top of Stack: (sp=0x00000087053fd978)
0x00000087053fd978:   00000248667f9086 00000087053fd980
0x00000087053fd988:   000002480072b567 0000000000000004
0x00000087053fd998:   00000248000b1088 00000007091fa310
0x00000087053fd9a8:   00000007019a8190 00000248000b5bd0
0x00000087053fd9b8:   00000087053fd978 00000087053fd9f0
0x00000087053fd9c8:   00000087053fed90 0000024866b1d9cb
0x00000087053fd9d8:   0000000704daedf0 0000000704daee98
0x00000087053fd9e8:   0000000704daee50 0000000704daebb0
0x00000087053fd9f8:   0000000000000000 00000087053fed90
0x00000087053fda08:   0000024867120a8c 0000000000000000
0x00000087053fda18:   0000000000000000 0000000000000000
0x00000087053fda28:   0000000000000000 0000000000000000
0x00000087053fda38:   0000000000000000 0000000000000000
0x00000087053fda48:   0000000000000000 0000000000000000
0x00000087053fda58:   0000000000000000 0000000000000000
0x00000087053fda68:   00000007019fdc70 00000007091fa310
0x00000087053fda78:   0000000704daea78 0000000704daea78
0x00000087053fda88:   0000000704daebb0 0000000704daee80
0x00000087053fda98:   0000000704daec08 00000007091fa310
0x00000087053fdaa8:   0000000000000001 00000087053fed90
0x00000087053fdab8:   0000024800000000 0000000000000000
0x00000087053fdac8:   0000000000000000 0000000704daee50
0x00000087053fdad8:   0000024866b280dc 0000000000000000
0x00000087053fdae8:   0000000000000000 0000000000000000
0x00000087053fdaf8:   0000000000000000 0000024875f099c0
0x00000087053fdb08:   0000000000000000 0000000704daebb0
0x00000087053fdb18:   0000000000000000 0000000704daea78
0x00000087053fdb28:   0000000704daee80 0000000704daebb0
0x00000087053fdb38:   0000000000000000 0000000000000000
0x00000087053fdb48:   0000024866b1ceec 00000087053fed90
0x00000087053fdb58:   0000024866b16e6a 0000000000000000
0x00000087053fdb68:   0000024866a16da9 0000000000000000 

Instructions: (pc=0x0000024866821050)
0x0000024866820f50:   bf d8 05 00 00 00 74 03 ff 63 38 ff 63 50 e9 9d
0x0000024866820f60:   16 00 00 66 66 66 0f 1f 84 00 00 00 00 00 66 66
0x0000024866820f70:   66 90 66 66 0f 1f 84 00 00 00 00 00 66 66 66 90
0x0000024866820f80:   48 8b 53 08 0f b7 52 2e 48 8b 0c d4 58 5b 50 44
0x0000024866820f90:   8b 51 08 49 bb 00 00 00 00 48 02 00 00 4d 03 d3
0x0000024866820fa0:   4c 8b 5b 10 4b 8b 9c da c0 01 00 00 48 85 db 0f
0x0000024866820fb0:   84 10 00 00 00 41 80 bf d8 05 00 00 00 74 03 ff
0x0000024866820fc0:   63 38 ff 63 50 e9 36 16 00 00 66 66 66 0f 1f 84
0x0000024866820fd0:   00 00 00 00 00 66 66 66 90 0f 1f 80 00 00 00 00
0x0000024866820fe0:   58 5b 50 8b 5b 24 48 c1 e3 03 48 8b 5b 10 48 85
0x0000024866820ff0:   db 0f 84 10 00 00 00 41 80 bf d8 05 00 00 00 74
0x0000024866821000:   03 ff 63 38 ff 63 50 e9 f4 15 00 00 66 66 66 0f
0x0000024866821010:   1f 84 00 00 00 00 00 66 66 66 90 0f 1f 44 00 00
0x0000024866821020:   48 8b 53 08 0f b7 52 2e 48 8b 0c d4 58 5b 50 48
0x0000024866821030:   3b 01 8b 5b 24 48 c1 e3 03 48 8b 5b 10 48 85 db
0x0000024866821040:   0f 84 10 00 00 00 41 80 bf d8 05 00 00 00 74 03
0x0000024866821050:   ff 63 38 ff 63 50 e9 a5 15 00 00 0f 1f 44 00 00
0x0000024866821060:   48 8b 53 08 0f b7 52 2e 48 8b 0c d4 58 5b 50 44
0x0000024866821070:   8b 51 08 49 bb 00 00 00 00 48 02 00 00 4d 03 d3
0x0000024866821080:   8b 43 18 48 c1 e0 03 48 8b 40 10 48 8b 5b 10 45
0x0000024866821090:   8b 9a a0 00 00 00 4f 8d 9c da c0 01 00 00 4d 8d
0x00000248668210a0:   14 da 49 8b 1b 48 3b c3 74 15 48 85 db 0f 84 32
0x00000248668210b0:   00 00 00 49 83 c3 10 49 8b 1b 48 3b c3 75 eb 45
0x00000248668210c0:   8b 5b 08 4b 8b 1c 1a 48 85 db 0f 84 10 00 00 00
0x00000248668210d0:   41 80 bf d8 05 00 00 00 74 03 ff 63 38 ff 63 50
0x00000248668210e0:   e9 1b 15 00 00 e9 16 12 00 00 f4 00 00 00 00 00
0x00000248668210f0:   00 00 00 00 00 00 00 00 00 00 00 00 00 00 00 00
0x0000024866821100:   00 00 00 00 00 00 00 00 00 00 00 00 00 00 00 00
0x0000024866821110:   00 00 00 00 00 00 00 00 00 00 00 00 00 00 00 00
0x0000024866821120:   00 00 00 00 00 00 00 00 00 00 00 00 00 00 00 00
0x0000024866821130:   00 00 00 00 00 00 00 00 00 00 00 00 00 00 00 00
0x0000024866821140:   00 00 00 00 00 00 00 00 00 00 00 00 00 00 00 00 


Stack slot to memory mapping:

stack at sp + 0 slots: 0x00000248667f9086 is at code_begin+3078 in an Interpreter codelet
return entry points  [0x00000248667f8480, 0x00000248667fa298]  7704 bytes
stack at sp + 1 slots: 0x00000087053fd980 is pointing into the stack for thread: 0x0000024875f099c0
stack at sp + 2 slots: 0x000002480072b567 is pointing into metadata
stack at sp + 3 slots: 0x0000000000000004 is an unknown value
stack at sp + 4 slots: 0x00000248000b1088 is pointing into metadata
stack at sp + 5 slots: 0x00000007091fa310 is an oop: java.lang.Class 
{0x00000007091fa310} - klass: 'java/lang/Class'
 - ---- fields (total size 14 words):
 - private volatile transient 'classRedefinedCount' 'I' @12  1 (0x00000001)
 - injected 'klass' 'J' @16  2508288248856 (0x0000024801a14c18)
 - injected 'array_klass' 'J' @24  0 (0x0000000000000000)
 - injected 'oop_size' 'I' @32  14 (0x0000000e)
 - injected 'static_oop_field_count' 'I' @36  0 (0x00000000)
 - private volatile transient 'cachedConstructor' 'Ljava/lang/reflect/Constructor;' @40  null (0x00000000)
 - private transient 'name' 'Ljava/lang/String;' @44  "project.spring.services.pagamento.UsuarioPagamento"{0x00000007091fa390} (0xe123f472)
 - private transient 'module' 'Ljava/lang/Module;' @48  a 'java/lang/Module'{0x0000000711200300} (0xe2240060)
 - private final 'classLoader' 'Ljava/lang/ClassLoader;' @52  a 'org/springframework/boot/devtools/restart/classloader/RestartClassLoader'{0x0000000711200170} (0xe224002e)
 - private transient 'classData' 'Ljava/lang/Object;' @56  null (0x00000000)
 - private transient 'packageName' 'Ljava/lang/String;' @60  "project.spring.services.pagamento"{0x0000000701a61918} (0xe034c323)
 - private final 'componentType' 'Ljava/lang/Class;' @64  null (0x00000000)
 - private volatile transient 'reflectionData' 'Ljava/lang/ref/SoftReference;' @68  a 'java/lang/ref/SoftReference'{0x0000000706d29000} (0xe0da5200)
 - private volatile transient 'genericInfo' 'Lsun/reflect/generics/repository/ClassRepository;' @72  null (0x00000000)
 - private volatile transient 'enumConstants' '[Ljava/lang/Object;' @76  null (0x00000000)
 - private volatile transient 'enumConstantDirectory' 'Ljava/util/Map;' @80  null (0x00000000)
 - private volatile transient 'annotationData' 'Ljava/lang/Class$AnnotationData;' @84  a 'java/lang/Class$AnnotationData'{0x0000000706d29540} (0xe0da52a8)
 - private volatile transient 'annotationType' 'Lsun/reflect/annotation/AnnotationType;' @88  null (0x00000000)
 - transient 'classValueMap' 'Ljava/lang/ClassValue$ClassValueMap;' @92  null (0x00000000)
 - injected 'protection_domain' 'Ljava/lang/Object;' @96  a 'java/security/ProtectionDomain'{0x0000000711215868} (0xe2242b0d)
 - injected 'signers_name' 'Ljava/lang/Object;' @100  null (0x00000000)
 - injected 'source_file' 'Ljava/lang/Object;' @104  null (0x00000000)
 - injected '<init_lock>' 'Ljava/lang/Object;' @108  null (0x00000000)
 - signature: Lproject/spring/services/pagamento/UsuarioPagamento;
 - ---- static fields (0):
stack at sp + 6 slots: 0x00000007019a8190 is an oop: java.lang.Class 
{0x00000007019a8190} - klass: 'java/lang/Class'
 - ---- fields (total size 14 words):
 - private volatile transient 'classRedefinedCount' 'I' @12  0 (0x00000000)
 - injected 'klass' 'J' @16  2508261624928 (0x00000248000b0c60)
 - injected 'array_klass' 'J' @24  0 (0x0000000000000000)
 - injected 'oop_size' 'I' @32  14 (0x0000000e)
 - injected 'static_oop_field_count' 'I' @36  0 (0x00000000)
 - private volatile transient 'cachedConstructor' 'Ljava/lang/reflect/Constructor;' @40  null (0x00000000)
 - private transient 'name' 'Ljava/lang/String;' @44  null (0x00000000)
 - private transient 'module' 'Ljava/lang/Module;' @48  a 'java/lang/Module'{0x00000007019b0b98} (0xe0336173)
 - private final 'classLoader' 'Ljava/lang/ClassLoader;' @52  null (0x00000000)
 - private transient 'classData' 'Ljava/lang/Object;' @56  null (0x00000000)
 - private transient 'packageName' 'Ljava/lang/String;' @60  null (0x00000000)
 - private final 'componentType' 'Ljava/lang/Class;' @64  null (0x00000000)
 - private volatile transient 'reflectionData' 'Ljava/lang/ref/SoftReference;' @68  null (0x00000000)
 - private volatile transient 'genericInfo' 'Lsun/reflect/generics/repository/ClassRepository;' @72  null (0x00000000)
 - private volatile transient 'enumConstants' '[Ljava/lang/Object;' @76  null (0x00000000)
 - private volatile transient 'enumConstantDirectory' 'Ljava/util/Map;' @80  null (0x00000000)
 - private volatile transient 'annotationData' 'Ljava/lang/Class$AnnotationData;' @84  null (0x00000000)
 - private volatile transient 'annotationType' 'Lsun/reflect/annotation/AnnotationType;' @88  null (0x00000000)
 - transient 'classValueMap' 'Ljava/lang/ClassValue$ClassValueMap;' @92  null (0x00000000)
 - injected 'protection_domain' 'Ljava/lang/Object;' @96  null (0x00000000)
 - injected 'signers_name' 'Ljava/lang/Object;' @100  null (0x00000000)
 - injected 'source_file' 'Ljava/lang/Object;' @104  null (0x00000000)
 - injected '<init_lock>' 'Ljava/lang/Object;' @108  null (0x00000000)
 - signature: Ljava/lang/invoke/DirectMethodHandle$Holder;
 - ---- static fields (0):
stack at sp + 7 slots: {method} {0x00000248000b5bd8} 'newInvokeSpecial' '(Ljava/lang/Object;)Ljava/lang/Object;' in 'java/lang/invoke/DirectMethodHandle$Holder'

MethodHandle::interpreter_entry::_linkToSpecial [0x000002486682100c, 0x000002486682105b] (79 bytes)
[MachCode]
  0x000002486682100c: 6666 660f | 1f84 0000 | 0000 0066 | 6666 900f | 1f44 0000 | 488b 5308 | 0fb7 522e | 488b 0cd4 
  0x000002486682102c: 585b 5048 | 3b01 8b5b | 2448 c1e3 | 0348 8b5b | 1048 85db | 0f84 1000 | 0000 4180 | bfd8 0500 
  0x000002486682104c: 0000 7403 | ff63 38ff | 6350 e9a5 | 
[/MachCode]

---------------  P R O C E S S  ---------------

Threads class SMR info:
_java_thread_list=0x000002487d0359e0, length=33, elements={
0x0000024870b7a2b0, 0x0000024870b7bd00, 0x0000024870b7f590, 0x0000024870b7ffe0,
0x0000024870b86970, 0x0000024870b87000, 0x0000024870b8f190, 0x0000024870b83b80,
0x0000024870cf0290, 0x0000024870cf0d30, 0x0000024870cf15c0, 0x0000024870b848a0,
0x0000024870b84210, 0x0000024870b85c50, 0x0000024870b862e0, 0x0000024875f0d4d0,
0x0000024875f0ce40, 0x0000024875f0e880, 0x0000024878ad47d0, 0x0000024878ad4e60,
0x0000024878ad9000, 0x0000024875f08ca0, 0x0000024875f0e1f0, 0x0000024875f0ef10,
0x0000024875f0b400, 0x0000024875f099c0, 0x0000024875f0db60, 0x0000024875f0c7b0,
0x0000024875f078f0, 0x0000024875f0a6e0, 0x0000024870c7c930, 0x0000024870c7b4c0,
0x0000024875f0ba90
}

Java Threads: ( => current thread )
  0x0000024870b7a2b0 JavaThread "Reference Handler"          daemon [_thread_blocked, id=2880, stack(0x0000008703d00000,0x0000008703e00000) (1024K)]
  0x0000024870b7bd00 JavaThread "Finalizer"                  daemon [_thread_blocked, id=10664, stack(0x0000008703e00000,0x0000008703f00000) (1024K)]
  0x0000024870b7f590 JavaThread "Signal Dispatcher"          daemon [_thread_blocked, id=17152, stack(0x0000008703f00000,0x0000008704000000) (1024K)]
  0x0000024870b7ffe0 JavaThread "Attach Listener"            daemon [_thread_blocked, id=2528, stack(0x0000008704000000,0x0000008704100000) (1024K)]
  0x0000024870b86970 JavaThread "Service Thread"             daemon [_thread_blocked, id=17200, stack(0x0000008704100000,0x0000008704200000) (1024K)]
  0x0000024870b87000 JavaThread "Monitor Deflation Thread"   daemon [_thread_blocked, id=9616, stack(0x0000008704200000,0x0000008704300000) (1024K)]
  0x0000024870b8f190 JavaThread "C1 CompilerThread0"         daemon [_thread_blocked, id=5964, stack(0x0000008704300000,0x0000008704400000) (1024K)]
  0x0000024870b83b80 JavaThread "Common-Cleaner"             daemon [_thread_blocked, id=15384, stack(0x0000008704400000,0x0000008704500000) (1024K)]
  0x0000024870cf0290 JavaThread "JDWP Transport Listener: dt_socket" daemon [_thread_blocked, id=1668, stack(0x0000008704600000,0x0000008704700000) (1024K)]
  0x0000024870cf0d30 JavaThread "JDWP Event Helper Thread"   daemon [_thread_blocked, id=16452, stack(0x0000008704700000,0x0000008704800000) (1024K)]
  0x0000024870cf15c0 JavaThread "JDWP Command Reader"        daemon [_thread_in_native, id=2020, stack(0x0000008704800000,0x0000008704900000) (1024K)]
  0x0000024870b848a0 JavaThread "Notification Thread"        daemon [_thread_blocked, id=16448, stack(0x0000008704c00000,0x0000008704d00000) (1024K)]
  0x0000024870b84210 JavaThread "RMI TCP Accept-0"           daemon [_thread_in_native, id=16560, stack(0x0000008704e00000,0x0000008704f00000) (1024K)]
  0x0000024870b85c50 JavaThread "RMI TCP Accept-53897"       daemon [_thread_in_native, id=5320, stack(0x0000008704f00000,0x0000008705000000) (1024K)]
  0x0000024870b862e0 JavaThread "RMI TCP Accept-0"           daemon [_thread_in_native, id=15472, stack(0x0000008705000000,0x0000008705100000) (1024K)]
  0x0000024875f0d4d0 JavaThread "RMI Scheduler(0)"           daemon [_thread_blocked, id=16536, stack(0x0000008705500000,0x0000008705600000) (1024K)]
  0x0000024875f0ce40 JavaThread "JMX server connection timeout 36" daemon [_thread_blocked, id=7844, stack(0x0000008705600000,0x0000008705700000) (1024K)]
  0x0000024875f0e880 JavaThread "Live Reload Server"         daemon [_thread_in_native, id=17028, stack(0x0000008706000000,0x0000008706100000) (1024K)]
  0x0000024878ad47d0 JavaThread "DestroyJavaVM"                     [_thread_blocked, id=17384, stack(0x0000008703400000,0x0000008703500000) (1024K)]
  0x0000024878ad4e60 JavaThread "File Watcher"               daemon [_thread_blocked, id=4112, stack(0x0000008704500000,0x0000008704600000) (1024K)]
  0x0000024878ad9000 JavaThread "PostgreSQL-JDBC-Cleaner"    daemon [_thread_blocked, id=7536, stack(0x0000008705700000,0x0000008705800000) (1024K)]
  0x0000024875f08ca0 JavaThread "RMI TCP Connection(22)-127.0.0.1" daemon [_thread_in_native, id=15672, stack(0x0000008705100000,0x0000008705200000) (1024K)]
  0x0000024875f0e1f0 JavaThread "RMI TCP Connection(idle)"   daemon [_thread_blocked, id=5892, stack(0x0000008706800000,0x0000008706900000) (1024K)]
  0x0000024875f0ef10 JavaThread "RMI TCP Connection(idle)"   daemon [_thread_blocked, id=17100, stack(0x0000008706900000,0x0000008706a00000) (1024K)]
  0x0000024875f0b400 JavaThread "Thread-18"                         [_thread_blocked, id=18360, stack(0x0000008703200000,0x0000008703300000) (1024K)]
=>0x0000024875f099c0 JavaThread "restartedMain"                     [_thread_in_Java, id=18392, stack(0x0000008705300000,0x0000008705400000) (1024K)]
  0x0000024875f0db60 JavaThread "Catalina-utility-1"                [_thread_blocked, id=18416, stack(0x0000008703300000,0x0000008703400000) (1024K)]
  0x0000024875f0c7b0 JavaThread "Catalina-utility-2"                [_thread_blocked, id=18420, stack(0x0000008704d00000,0x0000008704e00000) (1024K)]
  0x0000024875f078f0 JavaThread "container-1"                       [_thread_blocked, id=18424, stack(0x0000008705200000,0x0000008705300000) (1024K)]
  0x0000024875f0a6e0 JavaThread "HikariPool-6 housekeeper"   daemon [_thread_blocked, id=17512, stack(0x0000008705400000,0x0000008705500000) (1024K)]
  0x0000024870c7c930 JavaThread "C1 CompilerThread1"         daemon [_thread_blocked, id=17500, stack(0x0000008705800000,0x0000008705900000) (1024K)]
  0x0000024870c7b4c0 JavaThread "C1 CompilerThread2"         daemon [_thread_blocked, id=17496, stack(0x0000008705900000,0x0000008705a00000) (1024K)]
  0x0000024875f0ba90 JavaThread "HikariPool-6 connection adder" daemon [_thread_blocked, id=17492, stack(0x0000008705a00000,0x0000008705b00000) (1024K)]
Total: 33

Other Threads:
  0x0000024870b5c620 VMThread "VM Thread"                           [id=17400, stack(0x0000008703b00000,0x0000008703c00000) (1024K)]
  0x0000024870b47ce0 WatcherThread "VM Periodic Task Thread"        [id=17348, stack(0x0000008703a00000,0x0000008703b00000) (1024K)]
  0x0000024862ece650 WorkerThread "GC Thread#0"                     [id=17368, stack(0x0000008703500000,0x0000008703600000) (1024K)]
  0x00000248756d9950 WorkerThread "GC Thread#1"                     [id=7524, stack(0x0000008704900000,0x0000008704a00000) (1024K)]
  0x00000248756d9cf0 WorkerThread "GC Thread#2"                     [id=9712, stack(0x0000008704a00000,0x0000008704b00000) (1024K)]
  0x00000248756da090 WorkerThread "GC Thread#3"                     [id=15804, stack(0x0000008704b00000,0x0000008704c00000) (1024K)]
  0x0000024862edfc10 ConcurrentGCThread "G1 Main Marker"            [id=17344, stack(0x0000008703600000,0x0000008703700000) (1024K)]
  0x0000024862ee1f80 WorkerThread "G1 Conc#0"                       [id=17376, stack(0x0000008703700000,0x0000008703800000) (1024K)]
  0x0000024862f1ea30 ConcurrentGCThread "G1 Refine#0"               [id=17380, stack(0x0000008703800000,0x0000008703900000) (1024K)]
  0x0000024870a0c690 ConcurrentGCThread "G1 Service"                [id=17372, stack(0x0000008703900000,0x0000008703a00000) (1024K)]
Total: 10

Threads with active compile tasks:
Total: 0

VM state: not at safepoint (normal execution)

VM Mutex/Monitor currently owned by a thread: None

Heap address: 0x0000000701400000, size: 4076 MB, Compressed Oops mode: Zero based, Oop shift amount: 3

CDS archive(s) mapped at: [0x0000024800000000-0x0000024800c80000-0x0000024800c80000), size 13107200, SharedBaseAddress: 0x0000024800000000, ArchiveRelocationMode: 1.
Compressed class space mapped at: 0x0000024801000000-0x0000024841000000, reserved size: 1073741824
Narrow klass base: 0x0000024800000000, Narrow klass shift: 0, Narrow klass range: 0x100000000

GC Precious Log:
 CardTable entry size: 512
 Card Set container configuration: InlinePtr #cards 4 size 8 Array Of Cards #cards 16 size 48 Howl #buckets 8 coarsen threshold 3686 Howl Bitmap #cards 512 size 80 coarsen threshold 460 Card regions per heap region 1 cards per card region 4096
 CPUs: 4 total, 4 available
 Memory: 16302M
 Large Page Support: Disabled
 NUMA Support: Disabled
 Compressed Oops: Enabled (Zero based)
 Heap Region Size: 2M
 Heap Min Capacity: 8M
 Heap Initial Capacity: 256M
 Heap Max Capacity: 4076M
 Pre-touch: Disabled
 Parallel Workers: 4
 Concurrent Workers: 1
 Concurrent Refinement Workers: 4
 Periodic GC: Disabled

Heap:
 garbage-first heap   total 122880K, used 100960K [0x0000000701400000, 0x0000000800000000)
  region size 2048K, 33 young (67584K), 0 survivors (0K)
 Metaspace       used 85567K, committed 86400K, reserved 1179648K
  class space    used 11709K, committed 12224K, reserved 1048576K

Heap Regions: E=young(eden), S=young(survivor), O=old, HS=humongous(starts), HC=humongous(continues), CS=collection set, F=free, TAMS=top-at-mark-start, PB=parsable bottom
|   0|0x0000000701400000, 0x0000000701600000, 0x0000000701600000|100%| O|  |TAMS 0x0000000701400000| PB 0x0000000701400000| Untracked 
|   1|0x0000000701600000, 0x0000000701800000, 0x0000000701800000|100%| O|  |TAMS 0x0000000701600000| PB 0x0000000701600000| Untracked 
|   2|0x0000000701800000, 0x0000000701a00000, 0x0000000701a00000|100%| O|  |TAMS 0x0000000701800000| PB 0x0000000701800000| Untracked 
|   3|0x0000000701a00000, 0x0000000701c00000, 0x0000000701c00000|100%| O|  |TAMS 0x0000000701a00000| PB 0x0000000701a00000| Untracked 
|   4|0x0000000701c00000, 0x0000000701df5d28, 0x0000000701e00000| 98%| O|  |TAMS 0x0000000701c00000| PB 0x0000000701c00000| Untracked 
|   5|0x0000000701e00000, 0x0000000701fffff0, 0x0000000702000000| 99%| O|  |TAMS 0x0000000701e00000| PB 0x0000000701e00000| Untracked 
|   6|0x0000000702000000, 0x00000007021fffe8, 0x0000000702200000| 99%| O|  |TAMS 0x0000000702000000| PB 0x0000000702000000| Untracked 
|   7|0x0000000702200000, 0x00000007023fffe0, 0x0000000702400000| 99%| O|  |TAMS 0x0000000702200000| PB 0x0000000702200000| Untracked 
|   8|0x0000000702400000, 0x00000007025ffff8, 0x0000000702600000| 99%| O|  |TAMS 0x0000000702400000| PB 0x0000000702400000| Untracked 
|   9|0x0000000702600000, 0x00000007027fffc8, 0x0000000702800000| 99%| O|  |TAMS 0x0000000702600000| PB 0x0000000702600000| Untracked 
|  10|0x0000000702800000, 0x00000007029fffe0, 0x0000000702a00000| 99%| O|  |TAMS 0x0000000702800000| PB 0x0000000702800000| Untracked 
|  11|0x0000000702a00000, 0x0000000702bfffc8, 0x0000000702c00000| 99%| O|  |TAMS 0x0000000702a00000| PB 0x0000000702a00000| Untracked 
|  12|0x0000000702c00000, 0x0000000702dc68a0, 0x0000000702e00000| 88%| O|  |TAMS 0x0000000702c00000| PB 0x0000000702c00000| Untracked 
|  13|0x0000000702e00000, 0x0000000702ffffe0, 0x0000000703000000| 99%| O|  |TAMS 0x0000000702e00000| PB 0x0000000702e00000| Untracked 
|  14|0x0000000703000000, 0x00000007031c6920, 0x0000000703200000| 88%| O|  |TAMS 0x0000000703000000| PB 0x0000000703000000| Untracked 
|  15|0x0000000703200000, 0x0000000703200000, 0x0000000703400000|  0%| F|  |TAMS 0x0000000703200000| PB 0x0000000703200000| Untracked 
|  16|0x0000000703400000, 0x0000000703600000, 0x0000000703600000|100%|HS|  |TAMS 0x0000000703400000| PB 0x0000000703400000| Untracked 
|  17|0x0000000703600000, 0x0000000703800000, 0x0000000703800000|100%|HC|  |TAMS 0x0000000703600000| PB 0x0000000703600000| Untracked 
|  18|0x0000000703800000, 0x0000000703a00000, 0x0000000703a00000|100%|HC|  |TAMS 0x0000000703800000| PB 0x0000000703800000| Untracked 
|  19|0x0000000703a00000, 0x0000000703b15580, 0x0000000703c00000| 54%| O|  |TAMS 0x0000000703a00000| PB 0x0000000703a00000| Untracked 
|  20|0x0000000703c00000, 0x0000000703c00000, 0x0000000703e00000|  0%| F|  |TAMS 0x0000000703c00000| PB 0x0000000703c00000| Untracked 
|  21|0x0000000703e00000, 0x0000000703e00000, 0x0000000704000000|  0%| F|  |TAMS 0x0000000703e00000| PB 0x0000000703e00000| Untracked 
|  22|0x0000000704000000, 0x0000000704000000, 0x0000000704200000|  0%| F|  |TAMS 0x0000000704000000| PB 0x0000000704000000| Untracked 
|  23|0x0000000704200000, 0x0000000704200000, 0x0000000704400000|  0%| F|  |TAMS 0x0000000704200000| PB 0x0000000704200000| Untracked 
|  24|0x0000000704400000, 0x0000000704400000, 0x0000000704600000|  0%| F|  |TAMS 0x0000000704400000| PB 0x0000000704400000| Untracked 
|  25|0x0000000704600000, 0x0000000704600000, 0x0000000704800000|  0%| F|  |TAMS 0x0000000704600000| PB 0x0000000704600000| Untracked 
|  26|0x0000000704800000, 0x0000000704800000, 0x0000000704a00000|  0%| F|  |TAMS 0x0000000704800000| PB 0x0000000704800000| Untracked 
|  27|0x0000000704a00000, 0x0000000704c00000, 0x0000000704c00000|100%| E|  |TAMS 0x0000000704a00000| PB 0x0000000704a00000| Complete 
|  28|0x0000000704c00000, 0x0000000704e00000, 0x0000000704e00000|100%| E|CS|TAMS 0x0000000704c00000| PB 0x0000000704c00000| Complete 
|  29|0x0000000704e00000, 0x0000000705000000, 0x0000000705000000|100%| E|CS|TAMS 0x0000000704e00000| PB 0x0000000704e00000| Complete 
|  30|0x0000000705000000, 0x0000000705200000, 0x0000000705200000|100%| E|CS|TAMS 0x0000000705000000| PB 0x0000000705000000| Complete 
|  31|0x0000000705200000, 0x0000000705400000, 0x0000000705400000|100%| E|CS|TAMS 0x0000000705200000| PB 0x0000000705200000| Complete 
|  32|0x0000000705400000, 0x0000000705600000, 0x0000000705600000|100%| E|CS|TAMS 0x0000000705400000| PB 0x0000000705400000| Complete 
|  33|0x0000000705600000, 0x0000000705800000, 0x0000000705800000|100%| E|CS|TAMS 0x0000000705600000| PB 0x0000000705600000| Complete 
|  34|0x0000000705800000, 0x0000000705a00000, 0x0000000705a00000|100%| E|  |TAMS 0x0000000705800000| PB 0x0000000705800000| Complete 
|  35|0x0000000705a00000, 0x0000000705c00000, 0x0000000705c00000|100%| E|CS|TAMS 0x0000000705a00000| PB 0x0000000705a00000| Complete 
|  36|0x0000000705c00000, 0x0000000705e00000, 0x0000000705e00000|100%| E|CS|TAMS 0x0000000705c00000| PB 0x0000000705c00000| Complete 
|  37|0x0000000705e00000, 0x0000000706000000, 0x0000000706000000|100%| E|CS|TAMS 0x0000000705e00000| PB 0x0000000705e00000| Complete 
|  38|0x0000000706000000, 0x0000000706200000, 0x0000000706200000|100%| E|CS|TAMS 0x0000000706000000| PB 0x0000000706000000| Complete 
|  39|0x0000000706200000, 0x0000000706400000, 0x0000000706400000|100%| E|CS|TAMS 0x0000000706200000| PB 0x0000000706200000| Complete 
|  40|0x0000000706400000, 0x0000000706600000, 0x0000000706600000|100%| E|CS|TAMS 0x0000000706400000| PB 0x0000000706400000| Complete 
|  41|0x0000000706600000, 0x0000000706800000, 0x0000000706800000|100%| E|CS|TAMS 0x0000000706600000| PB 0x0000000706600000| Complete 
|  42|0x0000000706800000, 0x0000000706a00000, 0x0000000706a00000|100%| E|CS|TAMS 0x0000000706800000| PB 0x0000000706800000| Complete 
|  43|0x0000000706a00000, 0x0000000706c00000, 0x0000000706c00000|100%| E|CS|TAMS 0x0000000706a00000| PB 0x0000000706a00000| Complete 
|  44|0x0000000706c00000, 0x0000000706e00000, 0x0000000706e00000|100%| E|CS|TAMS 0x0000000706c00000| PB 0x0000000706c00000| Complete 
|  45|0x0000000706e00000, 0x0000000707000000, 0x0000000707000000|100%| E|CS|TAMS 0x0000000706e00000| PB 0x0000000706e00000| Complete 
|  46|0x0000000707000000, 0x0000000707200000, 0x0000000707200000|100%| E|CS|TAMS 0x0000000707000000| PB 0x0000000707000000| Complete 
|  47|0x0000000707200000, 0x0000000707400000, 0x0000000707400000|100%| E|CS|TAMS 0x0000000707200000| PB 0x0000000707200000| Complete 
|  48|0x0000000707400000, 0x0000000707600000, 0x0000000707600000|100%| E|CS|TAMS 0x0000000707400000| PB 0x0000000707400000| Complete 
|  49|0x0000000707600000, 0x0000000707800000, 0x0000000707800000|100%| E|CS|TAMS 0x0000000707600000| PB 0x0000000707600000| Complete 
|  50|0x0000000707800000, 0x0000000707a00000, 0x0000000707a00000|100%| E|CS|TAMS 0x0000000707800000| PB 0x0000000707800000| Complete 
|  51|0x0000000707a00000, 0x0000000707c00000, 0x0000000707c00000|100%| E|CS|TAMS 0x0000000707a00000| PB 0x0000000707a00000| Complete 
|  52|0x0000000707c00000, 0x0000000707e00000, 0x0000000707e00000|100%| E|CS|TAMS 0x0000000707c00000| PB 0x0000000707c00000| Complete 
|  53|0x0000000707e00000, 0x0000000708000000, 0x0000000708000000|100%| E|CS|TAMS 0x0000000707e00000| PB 0x0000000707e00000| Complete 
|  54|0x0000000708000000, 0x0000000708200000, 0x0000000708200000|100%| E|CS|TAMS 0x0000000708000000| PB 0x0000000708000000| Complete 
|  62|0x0000000709000000, 0x0000000709200000, 0x0000000709200000|100%| E|CS|TAMS 0x0000000709000000| PB 0x0000000709000000| Complete 
|  63|0x0000000709200000, 0x0000000709400000, 0x0000000709400000|100%| E|CS|TAMS 0x0000000709200000| PB 0x0000000709200000| Complete 
|  64|0x0000000709400000, 0x0000000709600000, 0x0000000709600000|100%| E|CS|TAMS 0x0000000709400000| PB 0x0000000709400000| Complete 
| 126|0x0000000711000000, 0x0000000711200000, 0x0000000711200000|100%| E|CS|TAMS 0x0000000711000000| PB 0x0000000711000000| Complete 
| 127|0x0000000711200000, 0x0000000711400000, 0x0000000711400000|100%| E|CS|TAMS 0x0000000711200000| PB 0x0000000711200000| Complete 

Card table byte_map: [0x0000024869ff0000,0x000002486a7f0000] _byte_map_base: 0x00000248667e6000

Marking Bits: (CMBitMap*) 0x0000024862ecec60
 Bits: [0x000002486a7f0000, 0x000002486e7a0000)

Polling page: 0x0000024860ee0000

Metaspace:

Usage:
  Non-class:     72.13 MB used.
      Class:     11.43 MB used.
       Both:     83.56 MB used.

Virtual space:
  Non-class space:      128.00 MB reserved,      72.44 MB ( 57%) committed,  2 nodes.
      Class space:        1.00 GB reserved,      11.94 MB (  1%) committed,  1 nodes.
             Both:        1.12 GB reserved,      84.38 MB (  7%) committed. 

Chunk freelists:
   Non-Class:  7.19 MB
       Class:  4.08 MB
        Both:  11.27 MB

MaxMetaspaceSize: unlimited
CompressedClassSpaceSize: 1.00 GB
Initial GC threshold: 21.00 MB
Current GC threshold: 140.31 MB
CDS: on
 - commit_granule_bytes: 65536.
 - commit_granule_words: 8192.
 - virtual_space_node_default_size: 8388608.
 - enlarge_chunks_in_place: 1.
 - use_allocation_guard: 0.


Internal statistics:

num_allocs_failed_limit: 12.
num_arena_births: 1544.
num_arena_deaths: 650.
num_vsnodes_births: 3.
num_vsnodes_deaths: 0.
num_space_committed: 1350.
num_space_uncommitted: 0.
num_chunks_returned_to_freelist: 758.
num_chunks_taken_from_freelist: 4816.
num_chunk_merges: 190.
num_chunk_splits: 3213.
num_chunks_enlarged: 2476.
num_inconsistent_stats: 0.

CodeCache: size=49152Kb used=16570Kb max_used=16570Kb free=32581Kb
 bounds [0x00000248667f0000, 0x00000248678c0000, 0x00000248697f0000]
 total_blobs=8580 nmethods=7785 adapters=716
 compilation: enabled
              stopped_count=0, restarted_count=0
 full_count=0

Compilation events (20 events):
Event: 902.106 Thread 0x0000024870c7c930 9860       1       org.postgresql.core.v3.SimpleQuery::getNativeSql (8 bytes)
Event: 902.106 Thread 0x0000024870c7c930 nmethod 9860 0x0000024866979310 code [0x00000248669794a0, 0x0000024866979578]
Event: 902.201 Thread 0x0000024870b8f190 9861       1       org.postgresql.core.PGStream::receiveString (54 bytes)
Event: 902.202 Thread 0x0000024870b8f190 nmethod 9861 0x0000024866978990 code [0x0000024866978ba0, 0x0000024866978fc8]
Event: 902.218 Thread 0x0000024870c7c930 9862       1       java.util.BitSet::initWords (15 bytes)
Event: 902.219 Thread 0x0000024870c7c930 nmethod 9862 0x0000024866978590 code [0x0000024866978720, 0x00000248669788d8]
Event: 902.219 Thread 0x0000024870b8f190 9863       1       sun.util.calendar.BaseCalendar$Date::<init> (32 bytes)
Event: 902.219 Thread 0x0000024870b8f190 nmethod 9863 0x0000024866978210 code [0x00000248669783a0, 0x00000248669784e0]
Event: 902.219 Thread 0x0000024870c7b4c0 9864       1       sun.util.calendar.CalendarDate::<init> (16 bytes)
Event: 902.219 Thread 0x0000024870c7b4c0 nmethod 9864 0x0000024866977e90 code [0x0000024866978020, 0x0000024866978140]
Event: 902.343 Thread 0x0000024870c7b4c0 9865   !   1       javax.crypto.Mac::init (98 bytes)
Event: 902.343 Thread 0x0000024870c7c930 9866       1       com.sun.crypto.provider.HmacCore$HmacSHA256::<init> (9 bytes)
Event: 902.343 Thread 0x0000024870b8f190 9867   !   1       com.sun.crypto.provider.HmacCore::<init> (196 bytes)
Event: 902.343 Thread 0x0000024870c7c930 nmethod 9866 0x0000024866977b10 code [0x0000024866977cc0, 0x0000024866977db8]
Event: 902.343 Thread 0x0000024870c7c930 9868       1       javax.crypto.MacSpi::<init> (5 bytes)
Event: 902.343 Thread 0x0000024870c7c930 nmethod 9868 0x0000024866977810 code [0x00000248669779a0, 0x0000024866977a68]
Event: 902.343 Thread 0x0000024870c7b4c0 nmethod 9865 0x0000024866977210 code [0x00000248669773e0, 0x0000024866977620]
Event: 902.344 Thread 0x0000024870b8f190 nmethod 9867 0x0000024866975d90 code [0x0000024866976040, 0x0000024866976ab0]
Event: 902.459 Thread 0x0000024870c7c930 9869       1       java.util.Hashtable$Enumerator::nextElement (111 bytes)
Event: 902.459 Thread 0x0000024870c7c930 nmethod 9869 0x0000024866975690 code [0x0000024866975860, 0x0000024866975c18]

GC Heap History (20 events):
Event: 60.906 GC heap before
{Heap before GC invocations=24 (full 0):
 garbage-first heap   total 102400K, used 87796K [0x0000000701400000, 0x0000000800000000)
  region size 2048K, 30 young (61440K), 3 survivors (6144K)
 Metaspace       used 72320K, committed 73152K, reserved 1114112K
  class space    used 10118K, committed 10496K, reserved 1048576K
}
Event: 60.912 GC heap after
{Heap after GC invocations=25 (full 0):
 garbage-first heap   total 122880K, used 36581K [0x0000000701400000, 0x0000000800000000)
  region size 2048K, 3 young (6144K), 3 survivors (6144K)
 Metaspace       used 72320K, committed 73152K, reserved 1114112K
  class space    used 10118K, committed 10496K, reserved 1048576K
}
Event: 83.950 GC heap before
{Heap before GC invocations=25 (full 0):
 garbage-first heap   total 122880K, used 102117K [0x0000000701400000, 0x0000000800000000)
  region size 2048K, 36 young (73728K), 3 survivors (6144K)
 Metaspace       used 80210K, committed 81088K, reserved 1179648K
  class space    used 11063K, committed 11456K, reserved 1048576K
}
Event: 83.955 GC heap after
{Heap after GC invocations=26 (full 0):
 garbage-first heap   total 122880K, used 39426K [0x0000000701400000, 0x0000000800000000)
  region size 2048K, 4 young (8192K), 4 survivors (8192K)
 Metaspace       used 80210K, committed 81088K, reserved 1179648K
  class space    used 11063K, committed 11456K, reserved 1048576K
}
Event: 693.237 GC heap before
{Heap before GC invocations=26 (full 0):
 garbage-first heap   total 122880K, used 102914K [0x0000000701400000, 0x0000000800000000)
  region size 2048K, 34 young (69632K), 4 survivors (8192K)
 Metaspace       used 84729K, committed 85696K, reserved 1179648K
  class space    used 11689K, committed 12160K, reserved 1048576K
}
Event: 693.290 GC heap after
{Heap after GC invocations=27 (full 1):
 garbage-first heap   total 122880K, used 39406K [0x0000000701400000, 0x0000000800000000)
  region size 2048K, 0 young (0K), 0 survivors (0K)
 Metaspace       used 84690K, committed 85696K, reserved 1179648K
  class space    used 11679K, committed 12160K, reserved 1048576K
}
Event: 697.800 GC heap before
{Heap before GC invocations=27 (full 1):
 garbage-first heap   total 122880K, used 111086K [0x0000000701400000, 0x0000000800000000)
  region size 2048K, 35 young (71680K), 0 survivors (0K)
 Metaspace       used 84867K, committed 85760K, reserved 1179648K
  class space    used 11726K, committed 12160K, reserved 1048576K
}
Event: 697.805 GC heap after
{Heap after GC invocations=28 (full 1):
 garbage-first heap   total 122880K, used 45550K [0x0000000701400000, 0x0000000800000000)
  region size 2048K, 3 young (6144K), 3 survivors (6144K)
 Metaspace       used 84867K, committed 85760K, reserved 1179648K
  class space    used 11726K, committed 12160K, reserved 1048576K
}
Event: 701.652 GC heap before
{Heap before GC invocations=29 (full 1):
 garbage-first heap   total 122880K, used 106990K [0x0000000701400000, 0x0000000800000000)
  region size 2048K, 33 young (67584K), 3 survivors (6144K)
 Metaspace       used 84625K, committed 85824K, reserved 1179648K
  class space    used 11627K, committed 12160K, reserved 1048576K
}
Event: 701.656 GC heap after
{Heap after GC invocations=30 (full 1):
 garbage-first heap   total 122880K, used 46661K [0x0000000701400000, 0x0000000800000000)
  region size 2048K, 3 young (6144K), 3 survivors (6144K)
 Metaspace       used 84625K, committed 85824K, reserved 1179648K
  class space    used 11627K, committed 12160K, reserved 1048576K
}
Event: 709.527 GC heap before
{Heap before GC invocations=30 (full 1):
 garbage-first heap   total 122880K, used 67141K [0x0000000701400000, 0x0000000800000000)
  region size 2048K, 14 young (28672K), 3 survivors (6144K)
 Metaspace       used 84729K, committed 85888K, reserved 1179648K
  class space    used 11638K, committed 12160K, reserved 1048576K
}
Event: 709.568 GC heap after
{Heap after GC invocations=31 (full 2):
 garbage-first heap   total 122880K, used 37356K [0x0000000701400000, 0x0000000800000000)
  region size 2048K, 0 young (0K), 0 survivors (0K)
 Metaspace       used 84718K, committed 85888K, reserved 1179648K
  class space    used 11636K, committed 12160K, reserved 1048576K
}
Event: 710.531 GC heap before
{Heap before GC invocations=31 (full 2):
 garbage-first heap   total 122880K, used 104940K [0x0000000701400000, 0x0000000800000000)
  region size 2048K, 34 young (69632K), 0 survivors (0K)
 Metaspace       used 84972K, committed 85952K, reserved 1179648K
  class space    used 11660K, committed 12160K, reserved 1048576K
}
Event: 710.535 GC heap after
{Heap after GC invocations=32 (full 2):
 garbage-first heap   total 122880K, used 42643K [0x0000000701400000, 0x0000000800000000)
  region size 2048K, 3 young (6144K), 3 survivors (6144K)
 Metaspace       used 84972K, committed 85952K, reserved 1179648K
  class space    used 11660K, committed 12160K, reserved 1048576K
}
Event: 869.569 GC heap before
{Heap before GC invocations=32 (full 2):
 garbage-first heap   total 122880K, used 81555K [0x0000000701400000, 0x0000000800000000)
  region size 2048K, 23 young (47104K), 3 survivors (6144K)
 Metaspace       used 85039K, committed 86016K, reserved 1179648K
  class space    used 11666K, committed 12160K, reserved 1048576K
}
Event: 869.611 GC heap after
{Heap after GC invocations=33 (full 3):
 garbage-first heap   total 122880K, used 37553K [0x0000000701400000, 0x0000000800000000)
  region size 2048K, 0 young (0K), 0 survivors (0K)
 Metaspace       used 85037K, committed 86016K, reserved 1179648K
  class space    used 11666K, committed 12160K, reserved 1048576K
}
Event: 870.602 GC heap before
{Heap before GC invocations=33 (full 3):
 garbage-first heap   total 122880K, used 103089K [0x0000000701400000, 0x0000000800000000)
  region size 2048K, 33 young (67584K), 0 survivors (0K)
 Metaspace       used 85294K, committed 86144K, reserved 1179648K
  class space    used 11692K, committed 12160K, reserved 1048576K
}
Event: 870.606 GC heap after
{Heap after GC invocations=34 (full 3):
 garbage-first heap   total 122880K, used 42876K [0x0000000701400000, 0x0000000800000000)
  region size 2048K, 3 young (6144K), 3 survivors (6144K)
 Metaspace       used 85294K, committed 86144K, reserved 1179648K
  class space    used 11692K, committed 12160K, reserved 1048576K
}
Event: 900.952 GC heap before
{Heap before GC invocations=34 (full 3):
 garbage-first heap   total 122880K, used 75644K [0x0000000701400000, 0x0000000800000000)
  region size 2048K, 20 young (40960K), 3 survivors (6144K)
 Metaspace       used 85355K, committed 86208K, reserved 1179648K
  class space    used 11696K, committed 12160K, reserved 1048576K
}
Event: 900.988 GC heap after
{Heap after GC invocations=35 (full 4):
 garbage-first heap   total 122880K, used 37472K [0x0000000701400000, 0x0000000800000000)
  region size 2048K, 0 young (0K), 0 survivors (0K)
 Metaspace       used 85312K, committed 86208K, reserved 1179648K
  class space    used 11685K, committed 12160K, reserved 1048576K
}

Dll operation events (13 events):
Event: 0.015 Loaded shared library C:\Users\jorge\OneDrive\Desktop\sts-4.29.1.RELEASE\plugins\org.eclipse.justj.openjdk.hotspot.jre.full.win32.x86_64_21.0.6.v20250130-0529\jre\bin\java.dll
Event: 0.055 Loaded shared library C:\Users\jorge\OneDrive\Desktop\sts-4.29.1.RELEASE\plugins\org.eclipse.justj.openjdk.hotspot.jre.full.win32.x86_64_21.0.6.v20250130-0529\jre\bin\zip.dll
Event: 0.474 Loaded shared library C:\Users\jorge\OneDrive\Desktop\sts-4.29.1.RELEASE\plugins\org.eclipse.justj.openjdk.hotspot.jre.full.win32.x86_64_21.0.6.v20250130-0529\jre\bin\instrument.dll
Event: 0.480 Loaded shared library C:\Users\jorge\OneDrive\Desktop\sts-4.29.1.RELEASE\plugins\org.eclipse.justj.openjdk.hotspot.jre.full.win32.x86_64_21.0.6.v20250130-0529\jre\bin\net.dll
Event: 0.482 Loaded shared library C:\Users\jorge\OneDrive\Desktop\sts-4.29.1.RELEASE\plugins\org.eclipse.justj.openjdk.hotspot.jre.full.win32.x86_64_21.0.6.v20250130-0529\jre\bin\nio.dll
Event: 0.486 Loaded shared library C:\Users\jorge\OneDrive\Desktop\sts-4.29.1.RELEASE\plugins\org.eclipse.justj.openjdk.hotspot.jre.full.win32.x86_64_21.0.6.v20250130-0529\jre\bin\zip.dll
Event: 0.676 Loaded shared library C:\Users\jorge\OneDrive\Desktop\sts-4.29.1.RELEASE\plugins\org.eclipse.justj.openjdk.hotspot.jre.full.win32.x86_64_21.0.6.v20250130-0529\jre\bin\jimage.dll
Event: 0.730 Loaded shared library C:\Users\jorge\OneDrive\Desktop\sts-4.29.1.RELEASE\plugins\org.eclipse.justj.openjdk.hotspot.jre.full.win32.x86_64_21.0.6.v20250130-0529\jre\bin\management.dll
Event: 0.744 Loaded shared library C:\Users\jorge\OneDrive\Desktop\sts-4.29.1.RELEASE\plugins\org.eclipse.justj.openjdk.hotspot.jre.full.win32.x86_64_21.0.6.v20250130-0529\jre\bin\management_ext.dll
Event: 0.996 Loaded shared library C:\Users\jorge\OneDrive\Desktop\sts-4.29.1.RELEASE\plugins\org.eclipse.justj.openjdk.hotspot.jre.full.win32.x86_64_21.0.6.v20250130-0529\jre\bin\extnet.dll
Event: 1.029 Loaded shared library C:\Users\jorge\OneDrive\Desktop\sts-4.29.1.RELEASE\plugins\org.eclipse.justj.openjdk.hotspot.jre.full.win32.x86_64_21.0.6.v20250130-0529\jre\bin\verify.dll
Event: 2.686 Loaded shared library C:\Users\jorge\OneDrive\Desktop\sts-4.29.1.RELEASE\plugins\org.eclipse.justj.openjdk.hotspot.jre.full.win32.x86_64_21.0.6.v20250130-0529\jre\bin\sunmscapi.dll
Event: 87.884 Loaded shared library C:\Users\jorge\AppData\Local\Temp\libzstd-jni-1.5.6-417443977640172425574.dll

Deoptimization events (20 events):
Event: 901.936 Thread 0x0000024875f099c0 DEOPT PACKING pc=0x0000024866f73dec sp=0x00000087053f9f00
Event: 901.936 Thread 0x0000024875f099c0 DEOPT UNPACKING pc=0x0000024866844e42 sp=0x00000087053f9438 mode 1
Event: 901.936 Thread 0x0000024875f099c0 DEOPT PACKING pc=0x0000024866f75174 sp=0x00000087053f9ff0
Event: 901.936 Thread 0x0000024875f099c0 DEOPT UNPACKING pc=0x0000024866844e42 sp=0x00000087053f95a0 mode 1
Event: 901.936 Thread 0x0000024875f099c0 DEOPT PACKING pc=0x0000024866f7212c sp=0x00000087053fa160
Event: 901.936 Thread 0x0000024875f099c0 DEOPT UNPACKING pc=0x0000024866844e42 sp=0x00000087053f9720 mode 1
Event: 901.936 Thread 0x0000024875f099c0 DEOPT PACKING pc=0x0000024866f73dec sp=0x00000087053f9f00
Event: 901.936 Thread 0x0000024875f099c0 DEOPT UNPACKING pc=0x0000024866844e42 sp=0x00000087053f9438 mode 1
Event: 901.936 Thread 0x0000024875f099c0 DEOPT PACKING pc=0x0000024866f75174 sp=0x00000087053f9ff0
Event: 901.936 Thread 0x0000024875f099c0 DEOPT UNPACKING pc=0x0000024866844e42 sp=0x00000087053f95a0 mode 1
Event: 901.936 Thread 0x0000024875f099c0 DEOPT PACKING pc=0x0000024866f7212c sp=0x00000087053fa160
Event: 901.936 Thread 0x0000024875f099c0 DEOPT UNPACKING pc=0x0000024866844e42 sp=0x00000087053f9720 mode 1
Event: 901.936 Thread 0x0000024875f099c0 DEOPT PACKING pc=0x0000024866f73dec sp=0x00000087053f9f00
Event: 901.936 Thread 0x0000024875f099c0 DEOPT UNPACKING pc=0x0000024866844e42 sp=0x00000087053f9438 mode 1
Event: 901.936 Thread 0x0000024875f099c0 DEOPT PACKING pc=0x0000024866f75174 sp=0x00000087053f9ff0
Event: 901.936 Thread 0x0000024875f099c0 DEOPT UNPACKING pc=0x0000024866844e42 sp=0x00000087053f95a0 mode 1
Event: 901.936 Thread 0x0000024875f099c0 DEOPT PACKING pc=0x0000024866f7212c sp=0x00000087053fa160
Event: 901.936 Thread 0x0000024875f099c0 DEOPT UNPACKING pc=0x0000024866844e42 sp=0x00000087053f9720 mode 1
Event: 903.224 Thread 0x0000024875f099c0 DEOPT PACKING pc=0x0000024866bbe3b4 sp=0x00000087053fd980
Event: 903.224 Thread 0x0000024875f099c0 DEOPT UNPACKING pc=0x0000024866844e42 sp=0x00000087053fce38 mode 0

Classes loaded (20 events):
Event: 128.240 Loading class java/lang/Throwable$WrappedPrintWriter
Event: 128.240 Loading class java/lang/Throwable$WrappedPrintWriter done
Event: 128.268 Loading class java/util/stream/LongStream
Event: 128.268 Loading class java/util/stream/LongStream done
Event: 128.269 Loading class java/util/stream/DoubleStream
Event: 128.270 Loading class java/util/stream/DoubleStream done
Event: 693.222 Loading class java/util/AbstractMap$2
Event: 693.222 Loading class java/util/AbstractMap$2 done
Event: 693.223 Loading class java/util/AbstractMap$2$1
Event: 693.223 Loading class java/util/AbstractMap$2$1 done
Event: 693.290 Loading class java/lang/ref/Finalizer$2
Event: 693.292 Loading class java/lang/ref/Finalizer$2 done
Event: 693.292 Loading class java/lang/ref/Finalizer$1
Event: 693.292 Loading class java/lang/ref/Finalizer$1 done
Event: 701.546 Loading class java/time/DurationEditor
Event: 701.546 Loading class java/time/DurationEditor done
Event: 710.581 Loading class java/lang/invoke/MethodHandleImpl$CountingWrapper$1
Event: 710.581 Loading class java/lang/invoke/MethodHandleImpl$CountingWrapper$1 done
Event: 710.857 Loading class java/util/concurrent/locks/ReentrantReadWriteLock$Sync$HoldCounter
Event: 710.857 Loading class java/util/concurrent/locks/ReentrantReadWriteLock$Sync$HoldCounter done

Classes unloaded (20 events):
Event: 900.965 Thread 0x0000024870b5c620 Unloading class 0x00000248019ba400 'java/lang/invoke/LambdaForm$BMH+0x00000248019ba400'
Event: 900.965 Thread 0x0000024870b5c620 Unloading class 0x00000248019bbc00 'java/lang/invoke/LambdaForm$MH+0x00000248019bbc00'
Event: 900.965 Thread 0x0000024870b5c620 Unloading class 0x00000248019bd800 'java/lang/invoke/LambdaForm$MH+0x00000248019bd800'
Event: 900.965 Thread 0x0000024870b5c620 Unloading class 0x00000248019c4000 'java/lang/invoke/LambdaForm$MH+0x00000248019c4000'
Event: 900.965 Thread 0x0000024870b5c620 Unloading class 0x00000248019f0400 'java/lang/invoke/LambdaForm$MH+0x00000248019f0400'
Event: 900.965 Thread 0x0000024870b5c620 Unloading class 0x0000024801a56000 'java/lang/invoke/LambdaForm$MH+0x0000024801a56000'
Event: 900.965 Thread 0x0000024870b5c620 Unloading class 0x0000024801a56c00 'java/lang/invoke/LambdaForm$MH+0x0000024801a56c00'
Event: 900.965 Thread 0x0000024870b5c620 Unloading class 0x0000024801a74000 'java/lang/invoke/LambdaForm$MH+0x0000024801a74000'
Event: 900.965 Thread 0x0000024870b5c620 Unloading class 0x0000024801b28800 'java/lang/invoke/LambdaForm$MH+0x0000024801b28800'
Event: 900.965 Thread 0x0000024870b5c620 Unloading class 0x0000024801b2ac00 'java/lang/invoke/LambdaForm$MH+0x0000024801b2ac00'
Event: 900.965 Thread 0x0000024870b5c620 Unloading class 0x0000024801b2b400 'java/lang/invoke/LambdaForm$MH+0x0000024801b2b400'
Event: 900.965 Thread 0x0000024870b5c620 Unloading class 0x0000024801b8c400 'java/lang/invoke/LambdaForm$MH+0x0000024801b8c400'
Event: 900.965 Thread 0x0000024870b5c620 Unloading class 0x0000024801b9e400 'java/lang/invoke/LambdaForm$MH+0x0000024801b9e400'
Event: 900.965 Thread 0x0000024870b5c620 Unloading class 0x0000024801b9f800 'java/lang/invoke/LambdaForm$MH+0x0000024801b9f800'
Event: 900.965 Thread 0x0000024870b5c620 Unloading class 0x00000248011a9000 'java/lang/invoke/LambdaForm$MH+0x00000248011a9000'
Event: 900.965 Thread 0x0000024870b5c620 Unloading class 0x00000248011a8c00 'java/lang/invoke/LambdaForm$MH+0x00000248011a8c00'
Event: 900.965 Thread 0x0000024870b5c620 Unloading class 0x0000024801118c00 'java/lang/invoke/LambdaForm$MH+0x0000024801118c00'
Event: 900.965 Thread 0x0000024870b5c620 Unloading class 0x0000024801008000 'java/lang/invoke/LambdaForm$MH+0x0000024801008000'
Event: 900.965 Thread 0x0000024870b5c620 Unloading class 0x0000024801007c00 'java/lang/invoke/LambdaForm$MH+0x0000024801007c00'
Event: 900.965 Thread 0x0000024870b5c620 Unloading class 0x0000024801007400 'java/lang/invoke/LambdaForm$MH+0x0000024801007400'

Classes redefined (5 events):
Event: 696.544 Thread 0x0000024870b5c620 redefined class name=project.spring.repository.BoletoRepository, count=1
Event: 696.544 Thread 0x0000024870b5c620 redefined class name=project.spring.entities.Usuario, count=1
Event: 696.544 Thread 0x0000024870b5c620 redefined class name=project.spring.entities.Usuario, count=1
Event: 696.544 Thread 0x0000024870b5c620 redefined class name=project.spring.mapper.BoletoMapper, count=1
Event: 903.244 Thread 0x0000024870b5c620 redefined class name=project.spring.services.pagamento.UsuarioPagamento, count=1

Internal exceptions (20 events):
Event: 869.569 Thread 0x0000024875f0ba90 Exception <a 'java/lang/InterruptedException'{0x00000007065d2ef0}: sleep interrupted> (0x00000007065d2ef0) 
thrown [s\src\hotspot\share\prims\jvm.cpp, line 3074]
Event: 869.630 Thread 0x0000024878ad2d90 Exception <a 'sun/nio/fs/WindowsException'{0x0000000711290728}> (0x0000000711290728) 
thrown [s\src\hotspot\share\prims\jni.cpp, line 520]
Event: 870.036 Thread 0x0000024878ad2d90 Exception <a 'java/lang/NoClassDefFoundError'{0x0000000706ce7b88}: org/flywaydb/core/Flyway> (0x0000000706ce7b88) 
thrown [s\src\hotspot\share\oops\constantPool.cpp, line 873]
Event: 870.037 Thread 0x0000024878ad2d90 Exception <a 'java/lang/NoClassDefFoundError'{0x0000000706ce81e8}: liquibase/integration/spring/SpringLiquibase> (0x0000000706ce81e8) 
thrown [s\src\hotspot\share\oops\constantPool.cpp, line 873]
Event: 870.040 Thread 0x0000024878ad2d90 Exception <a 'java/lang/NoClassDefFoundError'{0x0000000706d17d40}: org/jooq/DSLContext> (0x0000000706d17d40) 
thrown [s\src\hotspot\share\oops\constantPool.cpp, line 873]
Event: 870.044 Thread 0x0000024878ad2d90 Exception <a 'java/lang/NoClassDefFoundError'{0x0000000706d6a6e8}: org/springframework/batch/core/repository/JobRepository> (0x0000000706d6a6e8) 
thrown [s\src\hotspot\share\oops\constantPool.cpp, line 873]
Event: 870.044 Thread 0x0000024878ad2d90 Exception <a 'java/lang/NoClassDefFoundError'{0x0000000706d6ad40}: org/quartz/Scheduler> (0x0000000706d6ad40) 
thrown [s\src\hotspot\share\oops\constantPool.cpp, line 873]
Event: 870.045 Thread 0x0000024878ad2d90 Exception <a 'java/lang/NoClassDefFoundError'{0x0000000706d6b3c0}: org/springframework/session/jdbc/JdbcIndexedSessionRepository> (0x0000000706d6b3c0) 
thrown [s\src\hotspot\share\oops\constantPool.cpp, line 873]
Event: 870.105 Thread 0x0000024878ad2d90 Exception <a 'java/io/FileNotFoundException'{0x00000007065f03a0}> (0x00000007065f03a0) 
thrown [s\src\hotspot\share\prims\jni.cpp, line 520]
Event: 870.141 Thread 0x0000024878ad2d90 Exception <a 'java/io/FileNotFoundException'{0x000000070607f668}> (0x000000070607f668) 
thrown [s\src\hotspot\share\prims\jni.cpp, line 520]
Event: 900.952 Thread 0x0000024878ad3420 Exception <a 'java/lang/InterruptedException'{0x0000000706a5f438}: sleep interrupted> (0x0000000706a5f438) 
thrown [s\src\hotspot\share\prims\jvm.cpp, line 3074]
Event: 901.011 Thread 0x0000024875f099c0 Exception <a 'sun/nio/fs/WindowsException'{0x0000000711294688}> (0x0000000711294688) 
thrown [s\src\hotspot\share\prims\jni.cpp, line 520]
Event: 901.433 Thread 0x0000024875f099c0 Exception <a 'java/lang/NoClassDefFoundError'{0x0000000706ce6a60}: org/flywaydb/core/Flyway> (0x0000000706ce6a60) 
thrown [s\src\hotspot\share\oops\constantPool.cpp, line 873]
Event: 901.434 Thread 0x0000024875f099c0 Exception <a 'java/lang/NoClassDefFoundError'{0x0000000706ce70c0}: liquibase/integration/spring/SpringLiquibase> (0x0000000706ce70c0) 
thrown [s\src\hotspot\share\oops\constantPool.cpp, line 873]
Event: 901.438 Thread 0x0000024875f099c0 Exception <a 'java/lang/NoClassDefFoundError'{0x0000000706d16d70}: org/jooq/DSLContext> (0x0000000706d16d70) 
thrown [s\src\hotspot\share\oops\constantPool.cpp, line 873]
Event: 901.442 Thread 0x0000024875f099c0 Exception <a 'java/lang/NoClassDefFoundError'{0x0000000706d6a4e8}: org/springframework/batch/core/repository/JobRepository> (0x0000000706d6a4e8) 
thrown [s\src\hotspot\share\oops\constantPool.cpp, line 873]
Event: 901.443 Thread 0x0000024875f099c0 Exception <a 'java/lang/NoClassDefFoundError'{0x0000000706d6ab40}: org/quartz/Scheduler> (0x0000000706d6ab40) 
thrown [s\src\hotspot\share\oops\constantPool.cpp, line 873]
Event: 901.443 Thread 0x0000024875f099c0 Exception <a 'java/lang/NoClassDefFoundError'{0x0000000706d6b1c0}: org/springframework/session/jdbc/JdbcIndexedSessionRepository> (0x0000000706d6b1c0) 
thrown [s\src\hotspot\share\oops\constantPool.cpp, line 873]
Event: 901.506 Thread 0x0000024875f099c0 Exception <a 'java/io/FileNotFoundException'{0x00000007065fa000}> (0x00000007065fa000) 
thrown [s\src\hotspot\share\prims\jni.cpp, line 520]
Event: 901.545 Thread 0x0000024875f099c0 Exception <a 'java/io/FileNotFoundException'{0x0000000706089f60}> (0x0000000706089f60) 
thrown [s\src\hotspot\share\prims\jni.cpp, line 520]

ZGC Phase Switch (0 events):
No events

VM Operations (20 events):
Event: 902.296 Executing VM operation: get/set locals
Event: 902.296 Executing VM operation: get/set locals done
Event: 902.297 Executing VM operation: get/set locals
Event: 902.297 Executing VM operation: get/set locals done
Event: 902.300 Executing VM operation: get/set locals
Event: 902.300 Executing VM operation: get/set locals done
Event: 902.300 Executing VM operation: get/set locals
Event: 902.300 Executing VM operation: get/set locals done
Event: 902.301 Executing VM operation: get/set locals
Event: 902.301 Executing VM operation: get/set locals done
Event: 902.302 Executing VM operation: get/set locals
Event: 902.302 Executing VM operation: get/set locals done
Event: 903.224 Executing VM operation: ChangeSingleStep
Event: 903.224 Executing VM operation: ChangeSingleStep done
Event: 903.224 Executing VM operation: ChangeSingleStep
Event: 903.224 Executing VM operation: ChangeSingleStep done
Event: 903.238 Executing VM operation: RedefineClasses
Event: 903.261 Executing VM operation: RedefineClasses done
Event: 903.262 Executing VM operation: ChangeSingleStep
Event: 903.262 Executing VM operation: ChangeSingleStep done

Memory protections (0 events):
No events

Nmethod flushes (20 events):
Event: 869.592 Thread 0x0000024870b5c620 flushing  nmethod 0x000002486751ad10
Event: 869.592 Thread 0x0000024870b5c620 flushing  nmethod 0x0000024867523c90
Event: 869.592 Thread 0x0000024870b5c620 flushing  nmethod 0x0000024867524090
Event: 869.592 Thread 0x0000024870b5c620 flushing  nmethod 0x0000024867524490
Event: 869.592 Thread 0x0000024870b5c620 flushing  nmethod 0x0000024867524890
Event: 869.592 Thread 0x0000024870b5c620 flushing  nmethod 0x0000024867524b90
Event: 869.592 Thread 0x0000024870b5c620 flushing  nmethod 0x0000024867525c10
Event: 869.592 Thread 0x0000024870b5c620 flushing  nmethod 0x0000024867526b90
Event: 869.592 Thread 0x0000024870b5c620 flushing  nmethod 0x0000024867527a10
Event: 869.592 Thread 0x0000024870b5c620 flushing  nmethod 0x0000024867527d10
Event: 869.592 Thread 0x0000024870b5c620 flushing  nmethod 0x0000024867528010
Event: 869.592 Thread 0x0000024870b5c620 flushing  nmethod 0x0000024867528410
Event: 869.592 Thread 0x0000024870b5c620 flushing  nmethod 0x00000248675c1c10
Event: 869.592 Thread 0x0000024870b5c620 flushing  nmethod 0x00000248675c2010
Event: 869.592 Thread 0x0000024870b5c620 flushing  nmethod 0x00000248675c2510
Event: 869.592 Thread 0x0000024870b5c620 flushing  nmethod 0x00000248675c3810
Event: 869.592 Thread 0x0000024870b5c620 flushing  nmethod 0x00000248675c4210
Event: 869.592 Thread 0x0000024870b5c620 flushing  nmethod 0x00000248675c4b10
Event: 869.592 Thread 0x0000024870b5c620 flushing  nmethod 0x00000248675c5810
Event: 869.592 Thread 0x0000024870b5c620 flushing  nmethod 0x00000248675c6910

Events (20 events):
Event: 900.941 Thread 0x0000024878ad2700 Thread exited: 0x0000024878ad2700
Event: 900.941 Thread 0x0000024875f0a6e0 Thread exited: 0x0000024875f0a6e0
Event: 900.942 Thread 0x0000024875f0b400 Thread added: 0x0000024875f0ba90
Event: 900.943 Thread 0x0000024878ad6210 Thread exited: 0x0000024878ad6210
Event: 900.950 Thread 0x0000024875f0ba90 Thread exited: 0x0000024875f0ba90
Event: 900.952 Thread 0x0000024878ad3420 Thread exited: 0x0000024878ad3420
Event: 900.989 Thread 0x0000024875f0b400 Thread added: 0x0000024875f0ba90
Event: 900.998 Thread 0x0000024875f0ba90 Thread exited: 0x0000024875f0ba90
Event: 900.998 Thread 0x0000024875f0b400 Thread added: 0x0000024875f099c0
Event: 901.002 Thread 0x0000024878ad2070 Thread exited: 0x0000024878ad2070
Event: 901.003 Thread 0x0000024878ad5b80 Thread exited: 0x0000024878ad5b80
Event: 901.065 Thread 0x0000024875f099c0 Thread added: 0x0000024875f0db60
Event: 901.106 Thread 0x0000024875f0db60 Thread exited: 0x0000024875f0db60
Event: 901.545 Thread 0x0000024875f099c0 Thread added: 0x0000024875f0db60
Event: 901.545 Thread 0x0000024875f099c0 Thread added: 0x0000024875f0c7b0
Event: 901.545 Thread 0x0000024875f099c0 Thread added: 0x0000024875f078f0
Event: 901.664 Thread 0x0000024875f099c0 Thread added: 0x0000024875f0a6e0
Event: 901.715 Thread 0x0000024870b8f190 Thread added: 0x0000024870c7c930
Event: 901.716 Thread 0x0000024870b8f190 Thread added: 0x0000024870c7b4c0
Event: 901.775 Thread 0x0000024875f0a6e0 Thread added: 0x0000024875f0ba90


Dynamic libraries:
0x00007ff62f670000 - 0x00007ff62f67e000 	C:\Users\jorge\OneDrive\Desktop\sts-4.29.1.RELEASE\plugins\org.eclipse.justj.openjdk.hotspot.jre.full.win32.x86_64_21.0.6.v20250130-0529\jre\bin\javaw.exe
0x00007ffc1b990000 - 0x00007ffc1bb88000 	C:\Windows\SYSTEM32\ntdll.dll
0x00007ffc1b6b0000 - 0x00007ffc1b772000 	C:\Windows\System32\KERNEL32.DLL
0x00007ffc195e0000 - 0x00007ffc198d6000 	C:\Windows\System32\KERNELBASE.dll
0x00007ffc192f0000 - 0x00007ffc193f0000 	C:\Windows\System32\ucrtbase.dll
0x00007ffbf2ad0000 - 0x00007ffbf2ae8000 	C:\Users\jorge\OneDrive\Desktop\sts-4.29.1.RELEASE\plugins\org.eclipse.justj.openjdk.hotspot.jre.full.win32.x86_64_21.0.6.v20250130-0529\jre\bin\jli.dll
0x00007ffc1a6f0000 - 0x00007ffc1a88d000 	C:\Windows\System32\USER32.dll
0x00007ffc19470000 - 0x00007ffc19492000 	C:\Windows\System32\win32u.dll
0x00007ffc1b7f0000 - 0x00007ffc1b81b000 	C:\Windows\System32\GDI32.dll
0x00007ffc191d0000 - 0x00007ffc192ea000 	C:\Windows\System32\gdi32full.dll
0x00007ffc198e0000 - 0x00007ffc1997d000 	C:\Windows\System32\msvcp_win.dll
0x00007ffbf2ab0000 - 0x00007ffbf2ace000 	C:\Users\jorge\OneDrive\Desktop\sts-4.29.1.RELEASE\plugins\org.eclipse.justj.openjdk.hotspot.jre.full.win32.x86_64_21.0.6.v20250130-0529\jre\bin\VCRUNTIME140.dll
0x00007ffc0b9c0000 - 0x00007ffc0bc5a000 	C:\Windows\WinSxS\amd64_microsoft.windows.common-controls_6595b64144ccf1df_6.0.19041.4355_none_60b8b9eb71f62e16\COMCTL32.dll
0x00007ffc1b040000 - 0x00007ffc1b0de000 	C:\Windows\System32\msvcrt.dll
0x00007ffc1b5d0000 - 0x00007ffc1b5ff000 	C:\Windows\System32\IMM32.DLL
0x00007ffbfdb40000 - 0x00007ffbfdb4c000 	C:\Users\jorge\OneDrive\Desktop\sts-4.29.1.RELEASE\plugins\org.eclipse.justj.openjdk.hotspot.jre.full.win32.x86_64_21.0.6.v20250130-0529\jre\bin\vcruntime140_1.dll
0x00007ffbf0e80000 - 0x00007ffbf0f0d000 	C:\Users\jorge\OneDrive\Desktop\sts-4.29.1.RELEASE\plugins\org.eclipse.justj.openjdk.hotspot.jre.full.win32.x86_64_21.0.6.v20250130-0529\jre\bin\msvcp140.dll
0x00007ffb98ed0000 - 0x00007ffb99c60000 	C:\Users\jorge\OneDrive\Desktop\sts-4.29.1.RELEASE\plugins\org.eclipse.justj.openjdk.hotspot.jre.full.win32.x86_64_21.0.6.v20250130-0529\jre\bin\server\jvm.dll
0x00007ffc1a9d0000 - 0x00007ffc1aa7f000 	C:\Windows\System32\ADVAPI32.dll
0x00007ffc1b530000 - 0x00007ffc1b5cf000 	C:\Windows\System32\sechost.dll
0x00007ffc1b820000 - 0x00007ffc1b943000 	C:\Windows\System32\RPCRT4.dll
0x00007ffc19980000 - 0x00007ffc199a7000 	C:\Windows\System32\bcrypt.dll
0x00007ffc1b780000 - 0x00007ffc1b7eb000 	C:\Windows\System32\WS2_32.dll
0x00007ffc18520000 - 0x00007ffc1856b000 	C:\Windows\SYSTEM32\POWRPROF.dll
0x00007ffc0d2b0000 - 0x00007ffc0d2d7000 	C:\Windows\SYSTEM32\WINMM.dll
0x00007ffc12810000 - 0x00007ffc1281a000 	C:\Windows\SYSTEM32\VERSION.dll
0x00007ffc183e0000 - 0x00007ffc183f2000 	C:\Windows\SYSTEM32\UMPDC.dll
0x00007ffc16da0000 - 0x00007ffc16db2000 	C:\Windows\SYSTEM32\kernel.appcore.dll
0x00007ffc165d0000 - 0x00007ffc165da000 	C:\Users\jorge\OneDrive\Desktop\sts-4.29.1.RELEASE\plugins\org.eclipse.justj.openjdk.hotspot.jre.full.win32.x86_64_21.0.6.v20250130-0529\jre\bin\jimage.dll
0x00007ffc0c970000 - 0x00007ffc0cb54000 	C:\Windows\SYSTEM32\DBGHELP.DLL
0x00007ffc00880000 - 0x00007ffc008b4000 	C:\Windows\SYSTEM32\dbgcore.DLL
0x00007ffc19550000 - 0x00007ffc195d2000 	C:\Windows\System32\bcryptPrimitives.dll
0x00007ffbeded0000 - 0x00007ffbedf0c000 	C:\Users\jorge\OneDrive\Desktop\sts-4.29.1.RELEASE\plugins\org.eclipse.justj.openjdk.hotspot.jre.full.win32.x86_64_21.0.6.v20250130-0529\jre\bin\jdwp.dll
0x00007ffc13e90000 - 0x00007ffc13e9f000 	C:\Users\jorge\OneDrive\Desktop\sts-4.29.1.RELEASE\plugins\org.eclipse.justj.openjdk.hotspot.jre.full.win32.x86_64_21.0.6.v20250130-0529\jre\bin\instrument.dll
0x00007ffc165b0000 - 0x00007ffc165cf000 	C:\Users\jorge\OneDrive\Desktop\sts-4.29.1.RELEASE\plugins\org.eclipse.justj.openjdk.hotspot.jre.full.win32.x86_64_21.0.6.v20250130-0529\jre\bin\java.dll
0x00007ffc19ea0000 - 0x00007ffc1a60f000 	C:\Windows\System32\SHELL32.dll
0x00007ffc17080000 - 0x00007ffc17823000 	C:\Windows\SYSTEM32\windows.storage.dll
0x00007ffc1b0e0000 - 0x00007ffc1b435000 	C:\Windows\System32\combase.dll
0x00007ffc18970000 - 0x00007ffc1899b000 	C:\Windows\SYSTEM32\Wldp.dll
0x00007ffc1a610000 - 0x00007ffc1a6dd000 	C:\Windows\System32\OLEAUT32.dll
0x00007ffc199b0000 - 0x00007ffc19a5d000 	C:\Windows\System32\SHCORE.dll
0x00007ffc19a60000 - 0x00007ffc19ab5000 	C:\Windows\System32\shlwapi.dll
0x00007ffc18f50000 - 0x00007ffc18f75000 	C:\Windows\SYSTEM32\profapi.dll
0x00007ffc157f0000 - 0x00007ffc15808000 	C:\Users\jorge\OneDrive\Desktop\sts-4.29.1.RELEASE\plugins\org.eclipse.justj.openjdk.hotspot.jre.full.win32.x86_64_21.0.6.v20250130-0529\jre\bin\zip.dll
0x00007ffbfe420000 - 0x00007ffbfe42b000 	C:\Users\jorge\OneDrive\Desktop\sts-4.29.1.RELEASE\plugins\org.eclipse.justj.openjdk.hotspot.jre.full.win32.x86_64_21.0.6.v20250130-0529\jre\bin\dt_socket.dll
0x00007ffc18400000 - 0x00007ffc1843b000 	C:\Windows\SYSTEM32\IPHLPAPI.DLL
0x00007ffc18750000 - 0x00007ffc187bc000 	C:\Windows\system32\mswsock.dll
0x00007ffc18450000 - 0x00007ffc1851a000 	C:\Windows\SYSTEM32\DNSAPI.dll
0x00007ffc1a9c0000 - 0x00007ffc1a9c8000 	C:\Windows\System32\NSI.dll
0x00007ffc07a60000 - 0x00007ffc07a6a000 	C:\Windows\System32\rasadhlp.dll
0x00007ffc12c20000 - 0x00007ffc12ca0000 	C:\Windows\System32\fwpuclnt.dll
0x00007ffc157e0000 - 0x00007ffc157f0000 	C:\Users\jorge\OneDrive\Desktop\sts-4.29.1.RELEASE\plugins\org.eclipse.justj.openjdk.hotspot.jre.full.win32.x86_64_21.0.6.v20250130-0529\jre\bin\net.dll
0x00007ffc12700000 - 0x00007ffc1280a000 	C:\Windows\SYSTEM32\WINHTTP.dll
0x00007ffc0b600000 - 0x00007ffc0b616000 	C:\Users\jorge\OneDrive\Desktop\sts-4.29.1.RELEASE\plugins\org.eclipse.justj.openjdk.hotspot.jre.full.win32.x86_64_21.0.6.v20250130-0529\jre\bin\nio.dll
0x00007ffbfdb50000 - 0x00007ffbfdb5a000 	C:\Users\jorge\OneDrive\Desktop\sts-4.29.1.RELEASE\plugins\org.eclipse.justj.openjdk.hotspot.jre.full.win32.x86_64_21.0.6.v20250130-0529\jre\bin\management.dll
0x00007ffbfda90000 - 0x00007ffbfda9b000 	C:\Users\jorge\OneDrive\Desktop\sts-4.29.1.RELEASE\plugins\org.eclipse.justj.openjdk.hotspot.jre.full.win32.x86_64_21.0.6.v20250130-0529\jre\bin\management_ext.dll
0x00007ffc1a6e0000 - 0x00007ffc1a6e8000 	C:\Windows\System32\PSAPI.DLL
0x00007ffbfb610000 - 0x00007ffbfb627000 	C:\Windows\system32\napinsp.dll
0x00007ffbfb5f0000 - 0x00007ffbfb60b000 	C:\Windows\system32\pnrpnsp.dll
0x00007ffbf91d0000 - 0x00007ffbf91e5000 	C:\Windows\system32\wshbth.dll
0x00007ffc14900000 - 0x00007ffc1491d000 	C:\Windows\system32\NLAapi.dll
0x00007ffbf9140000 - 0x00007ffbf9152000 	C:\Windows\System32\winrnr.dll
0x00007ffc18cc0000 - 0x00007ffc18cd8000 	C:\Windows\SYSTEM32\CRYPTSP.dll
0x00007ffc17fc0000 - 0x00007ffc17ff8000 	C:\Windows\system32\rsaenh.dll
0x00007ffc18ed0000 - 0x00007ffc18efe000 	C:\Windows\SYSTEM32\USERENV.dll
0x00007ffc188e0000 - 0x00007ffc188ec000 	C:\Windows\SYSTEM32\CRYPTBASE.dll
0x00007ffc02710000 - 0x00007ffc02719000 	C:\Users\jorge\OneDrive\Desktop\sts-4.29.1.RELEASE\plugins\org.eclipse.justj.openjdk.hotspot.jre.full.win32.x86_64_21.0.6.v20250130-0529\jre\bin\extnet.dll
0x00007ffc15770000 - 0x00007ffc15780000 	C:\Users\jorge\OneDrive\Desktop\sts-4.29.1.RELEASE\plugins\org.eclipse.justj.openjdk.hotspot.jre.full.win32.x86_64_21.0.6.v20250130-0529\jre\bin\verify.dll
0x00007ffc0b5f0000 - 0x00007ffc0b5fe000 	C:\Users\jorge\OneDrive\Desktop\sts-4.29.1.RELEASE\plugins\org.eclipse.justj.openjdk.hotspot.jre.full.win32.x86_64_21.0.6.v20250130-0529\jre\bin\sunmscapi.dll
0x00007ffc19070000 - 0x00007ffc191cd000 	C:\Windows\System32\CRYPT32.dll
0x00007ffc189e0000 - 0x00007ffc18a07000 	C:\Windows\SYSTEM32\ncrypt.dll
0x00007ffc189a0000 - 0x00007ffc189db000 	C:\Windows\SYSTEM32\NTASN1.dll
0x00007ffbfc3f0000 - 0x00007ffbfc3f7000 	C:\Windows\system32\wshunix.dll
0x00007ffbeb140000 - 0x00007ffbeb25e000 	C:\Users\jorge\AppData\Local\Temp\libzstd-jni-1.5.6-417443977640172425574.dll

dbghelp: loaded successfully - version: 4.0.5 - missing functions: none
symbol engine: initialized successfully - sym options: 0x614 - pdb path: .;C:\Users\jorge\OneDrive\Desktop\sts-4.29.1.RELEASE\plugins\org.eclipse.justj.openjdk.hotspot.jre.full.win32.x86_64_21.0.6.v20250130-0529\jre\bin;C:\Windows\SYSTEM32;C:\Windows\WinSxS\amd64_microsoft.windows.common-controls_6595b64144ccf1df_6.0.19041.4355_none_60b8b9eb71f62e16;C:\Users\jorge\OneDrive\Desktop\sts-4.29.1.RELEASE\plugins\org.eclipse.justj.openjdk.hotspot.jre.full.win32.x86_64_21.0.6.v20250130-0529\jre\bin\server;C:\Users\jorge\AppData\Local\Temp

VM Arguments:
jvm_args: -XX:+ShowCodeDetailsInExceptionMessages -agentlib:jdwp=transport=dt_socket,suspend=y,address=localhost:53898 -Dcom.sun.management.jmxremote -Dcom.sun.management.jmxremote.port=53897 -Dcom.sun.management.jmxremote.authenticate=false -Dcom.sun.management.jmxremote.ssl=false -Djava.rmi.server.hostname=localhost -Dspring.jmx.enabled=true -Dmanagement.endpoints.jmx.exposure.include=* -Dspring.application.admin.enabled=true -Dspring.output.ansi.enabled=always -XX:TieredStopAtLevel=1 -Dspring.boot.project.name=microsservices-kafka -javaagent:C:\Users\jorge\OneDrive\Desktop\sts-4.29.1.RELEASE\configuration\org.eclipse.osgi\270\0\.cp\lib\javaagent-shaded.jar -Dfile.encoding=UTF-8 -Dstdout.encoding=UTF-8 -Dstderr.encoding=UTF-8 
java_command: project.spring.MicrosservicesKafkaApplication
java_class_path (initial): F:\temp-spring\api-twitter-boleto-kafka-microservices\microsservices-kafka\target\classes;C:\Users\jorge\.m2\repository\org\springframework\boot\spring-boot-starter-web\3.4.4\spring-boot-starter-web-3.4.4.jar;C:\Users\jorge\.m2\repository\org\springframework\boot\spring-boot-starter\3.4.4\spring-boot-starter-3.4.4.jar;C:\Users\jorge\.m2\repository\org\springframework\boot\spring-boot-starter-logging\3.4.4\spring-boot-starter-logging-3.4.4.jar;C:\Users\jorge\.m2\repository\ch\qos\logback\logback-classic\1.5.18\logback-classic-1.5.18.jar;C:\Users\jorge\.m2\repository\ch\qos\logback\logback-core\1.5.18\logback-core-1.5.18.jar;C:\Users\jorge\.m2\repository\org\apache\logging\log4j\log4j-to-slf4j\2.24.3\log4j-to-slf4j-2.24.3.jar;C:\Users\jorge\.m2\repository\org\apache\logging\log4j\log4j-api\2.24.3\log4j-api-2.24.3.jar;C:\Users\jorge\.m2\repository\org\slf4j\jul-to-slf4j\2.0.17\jul-to-slf4j-2.0.17.jar;C:\Users\jorge\.m2\repository\jakarta\annotation\jakarta.annotation-api\2.1.1\jakarta.annotation-api-2.1.1.jar;C:\Users\jorge\.m2\repository\org\springframework\boot\spring-boot-starter-json\3.4.4\spring-boot-starter-json-3.4.4.jar;C:\Users\jorge\.m2\repository\com\fasterxml\jackson\datatype\jackson-datatype-jdk8\2.18.3\jackson-datatype-jdk8-2.18.3.jar;C:\Users\jorge\.m2\repository\com\fasterxml\jackson\datatype\jackson-datatype-jsr310\2.18.3\jackson-datatype-jsr310-2.18.3.jar;C:\Users\jorge\.m2\repository\com\fasterxml\jackson\module\jackson-module-parameter-names\2.18.3\jackson-module-parameter-names-2.18.3.jar;C:\Users\jorge\.m2\repository\org\springframework\boot\spring-boot-starter-tomcat\3.4.4\spring-boot-starter-tomcat-3.4.4.jar;C:\Users\jorge\.m2\repository\org\apache\tomcat\embed\tomcat-embed-core\10.1.39\tomcat-embed-core-10.1.39.jar;C:\Users\jorge\.m2\repository\org\apache\tomcat\embed\tomcat-embed-websocket\10.1.39\tomcat-embed-websocket-10.1.39.jar;C:\Users\jorge\.m2\repository\org\springframework\spring-web\6.2.5\spring-web-6.2.5.jar;C:\Users\jorge\.m2\repository\org\springframework\spring-beans\6.2.5\spring-beans-6.2.5.jar;C:\Users\jorge\.m2\repository\org\springframework\spring-webmvc\6.2.5\spring-webmvc-6.2.5.jar;C:\Users\jorge\.m2\repository\org\springframework\spring-aop\6.2.5\spring-aop-6.2.5.jar;C:\Users\jorge\.m2\repository\org\springframework\spring-expression\6.2.5\spring-expression-6.2.5.jar;C:\Users\jorge\.m2\repository\org\springframework\boot\spring-boot-devtools\3.4.2\spring-boot-devtools-3.4.2.jar;C:\Users\jorge\.m2\repository\org\springframework\boot\spring-boot\3.4.4\spring-boot-3.4.4.jar;C:\Users\jorge\.m2\repository\org\springframework\boot\spring-boot-autoconfigure\3.4.4\spring-boot-autoconfigure-3.4.4.jar;C:\Users\jorge\.m2\repository\org\springframework\boot\spring-boot-starter-data-jpa\3.4.4\spring-boot-starter-data-jpa-3.4.4.jar;C:\Users\jorge\.m2\repository\org\springframework\boot\spring-boot-starter-jdbc\3.4.4\spring-boot-starter-jdbc-3.4.4.jar;C:\Users\jorge\.m2\repository\com\zaxxer\HikariCP\5.1.0\HikariCP-5.1.0.jar;C:\Users\jorge\.m2\repository\org\springframework\spring-jdbc\6.2.5\spring-jdbc-6.2.5.jar;C:\Users\jorge\.m2\repository\org\hibernate\orm\hibernate-core\6.6.11.Final\hibernate-core-6.6.11.Final.jar;C:\Users\jorge\.m2\repository\jakarta\persistence\jakarta.persistence-api\3.1.0\jakarta.persistence-api-3.1.0.jar;C:\Users\jorge\.m2\repository\jakarta\transaction\jakarta.transaction-api\2.0.1\jakarta.transaction-api-2.0.1.jar;C:\Users\jorge\.m2\repository\org\jboss\logging\jboss-logging\3.6.1.Final\jboss-logging-3.6.1.Final.jar;C:\Users\jorge\.m2\repository\org\hibernate\common\hibernate-commons-annotations\7.0.3.Final\hibernate-commons-annotations-7.0.3.Final.jar;C:\Users\jorge\.m2\repository\io\smallrye\jandex\3.2.0\jandex-3.2.0.jar;C:\Users\jorge\.m2\repository\com\fasterxml\classmate\1.7.0\classmate-1.7.0.jar;C:\Users\jorge\.m2\repository\net\bytebuddy\byte-buddy\1.15.11\byte-buddy-1.15.11.jar;C:\Users\jorge\.m2\repository\org\glassfish\jaxb\jaxb-runtime\4.0.5\jaxb-runtime-4.0.5.jar;C:\Users\jorge\.m2\repository\org\glassfish\jaxb\jaxb-core\4.0.5\jaxb-core-4.0.5.jar;C:\Users\jorge\.m2\repository\org\eclipse\angus\angus-activation\2.0.2\angus-activation-2.0.2.jar;C:\Users\jorge\.m2\repository\org\glassfish\jaxb\txw2\4.0.5\txw2-4.0.5.jar;C:\Users\jorge\.m2\repository\com\sun\istack\istack-commons-runtime\4.1.2\istack-commons-runtime-4.1.2.jar;C:\Users\jorge\.m2\repository\jakarta\inject\jakarta.inject-api\2.0.1\jakarta.inject-api-2.0.1.jar;C:\Users\jorge\.m2\repository\org\antlr\antlr4-runtime\4.13.0\antlr4-runtime-4.13.0.jar;C:\Users\jorge\.m2\repository\org\springframework\data\spring-data-jpa\3.4.4\spring-data-jpa-3.4.4.jar;C:\Users\jorge\.m2\repository\org\springframework\data\spring-data-commons\3.4.4\spring-data-commons-3.4.4.jar;C:\Users\jorge\.m2\repository\org\springframework\spring-orm\6.2.5\spring-orm-6.2.5.jar;C:\Users\jorge\.m2\repository\org\springframework\spring-aspects\6.2.5\spring-aspects-6.2.5.jar;C:\Users\jorge\.m2\repository\org\aspectj\aspectjweaver\1.9.23\aspectjweaver-1.9.23.jar;C:\Users\jorge\.m2\repository\org\springframework\boot\spring-boot-starter-validation\3.4.4\spring-boot-starter-validation-3.4.4.jar;C:\Users\jorge\.m2\repository\org\apache\tomcat\embed\tomcat-embed-el\10.1.39\tomcat-embed-el-10.1.39.jar;C:\Users\jorge\.m2\repository\org\hibernate\validator\hibernate-validator\8.0.2.Final\hibernate-validator-8.0.2.Final.jar;C:\Users\jorge\.m2\repository\jakarta\validation\jakarta.validation-api\3.0.2\jakarta.validation-api-3.0.2.jar;C:\Users\jorge\.m2\repository\org\postgresql\postgresql\42.7.5\postgresql-42.7.5.jar;C:\Users\jorge\.m2\repository\org\checkerframework\checker-qual\3.48.3\checker-qual-3.48.3.jar;C:\Users\jorge\.m2\repository\org\projectlombok\lombok\1.18.36\lombok-1.18.36.jar;C:\Users\jorge\.m2\repository\org\springdoc\springdoc-openapi-starter-webmvc-ui\2.3.0\springdoc-openapi-starter-webmvc-ui-2.3.0.jar;C:\Users\jorge\.m2\repository\org\springdoc\springdoc-openapi-starter-webmvc-api\2.3.0\springdoc-openapi-starter-webmvc-api-2.3.0.jar;C:\Users\jorge\.m2\repository\org\springdoc\springdoc-openapi-starter-common\2.3.0\springdoc-openapi-starter-common-2.3.0.jar;C:\Users\jorge\.m2\repository\io\swagger\core\v3\swagger-core-jakarta\2.2.19\swagger-core-jakarta-2.2.19.jar;C:\Users\jorge\.m2\repository\io\swagger\core\v3\swagger-annotations-jakarta\2.2.19\swagger-annotations-jakarta-2.2.19.jar;C:\Users\jorge\.m2\repository\io\swagger\core\v3\swagger-models-jakarta\2.2.19\swagger-models-jakarta-2.2.19.jar;C:\Users\jorge\.m2\repository\com\fasterxml\jackson\dataformat\jackson-dataformat-yaml\2.18.3\jackson-dataformat-yaml-2.18.3.jar;C:\Users\jorge\.m2\repository\org\webjars\swagger-ui\5.10.3\swagger-ui-5.10.3.jar;C:\Users\jorge\.m2\repository\org\springframework\kafka\spring-kafka\3.3.4\spring-kafka-3.3.4.jar;C:\Users\jorge\.m2\repository\org\springframework\spring-context\6.2.5\spring-context-6.2.5.jar;C:\Users\jorge\.m2\repository\org\springframework\spring-messaging\6.2.5\spring-messaging-6.2.5.jar;C:\Users\jorge\.m2\repository\org\springframework\spring-tx\6.2.5\spring-tx-6.2.5.jar;C:\Users\jorge\.m2\repository\org\springframework\retry\spring-retry\2.0.11\spring-retry-2.0.11.jar;C:\Users\jorge\.m2\repository\org\apache\kafka\kafka-clients\3.8.1\kafka-clients-3.8.1.jar;C:\Users\jorge\.m2\repository\com\github\luben\zstd-jni\1.5.6-4\zstd-jni-1.5.6-4.jar;C:\Users\jorge\.m2\repository\org\lz4\lz4-java\1.8.0\lz4-java-1.8.0.jar;C:\Users\jorge\.m2\repository\org\xerial\snappy\snappy-java\1.1.10.5\snappy-java-1.1.10.5.jar;C:\Users\jorge\.m2\repository\io\micrometer\micrometer-observation\1.14.5\micrometer-observation-1.14.5.jar;C:\Users\jorge\.m2\repository\io\micrometer\micrometer-commons\1.14.5\micrometer-commons-1.14.5.jar;C:\Users\jorge\.m2\repository\io\confluent\kafka-avro-serializer\7.9.0\kafka-avro-serializer-7.9.0.jar;C:\Users\jorge\.m2\repository\org\apache\commons\commons-compress\1.26.1\commons-compress-1.26.1.jar;C:\Users\jorge\.m2\repository\commons-codec\commons-codec\1.17.2\commons-codec-1.17.2.jar;C:\Users\jorge\.m2\repository\commons-io\commons-io\2.15.1\commons-io-2.15.1.jar;C:\Users\jorge\.m2\repository\org\apache\commons\commons-lang3\3.17.0\commons-lang3-3.17.0.jar;C:\Users\jorge\.m2\repository\io\confluent\kafka-schema-serializer\7.9.0\kafka-schema-serializer-7.9.0.jar;C:\Users\jorge\.m2\repository\com\fasterxml\jackson\dataformat\jackson-dataformat-csv\2.18.3\jackson-dataformat-csv-2.18.3.jar;C:\Users\jorge\.m2\repository\com\google\guava\guava\32.0.1-jre\guava-32.0.1-jre.jar;C:\Users\jorge\.m2\repository\com\google\guava\failureaccess\1.0.1\failureaccess-1.0.1.jar;C:\Users\jorge\.m2\repository\com\google\guava\listenablefuture\9999.0-empty-to-avoid-conflict-with-guava\listenablefuture-9999.0-empty-to-avoid-conflict-with-guava.jar;C:\Users\jorge\.m2\repository\com\google\code\findbugs\jsr305\3.0.2\jsr305-3.0.2.jar;C:\Users\jorge\.m2\repository\com\google\errorprone\error_prone_annotations\2.18.0\error_prone_annotations-2.18.0.jar;C:\Users\jorge\.m2\repository\com\google\j2objc\j2objc-annotations\2.8\j2objc-annotations-2.8.jar;C:\Users\jorge\.m2\repository\io\confluent\logredactor\1.0.12\logredactor-1.0.12.jar;C:\Users\jorge\.m2\repository\com\google\re2j\re2j\1.6\re2j-1.6.jar;C:\Users\jorge\.m2\repository\io\confluent\logredactor-metrics\1.0.12\logredactor-metrics-1.0.12.jar;C:\Users\jorge\.m2\repository\com\eclipsesource\minimal-json\minimal-json\0.9.5\minimal-json-0.9.5.jar;C:\Users\jorge\.m2\repository\io\confluent\common-utils\7.9.0\common-utils-7.9.0.jar;C:\Users\jorge\.m2\repository\io\confluent\kafka-schema-registry-client\7.9.0\kafka-schema-registry-client-7.9.0.jar;C:\Users\jorge\.m2\repository\org\yaml\snakeyaml\2.3\snakeyaml-2.3.jar;C:\Users\jorge\.m2\repository\com\fasterxml\jackson\core\jackson-databind\2.18.3\jackson-databind-2.18.3.jar;C:\Users\jorge\.m2\repository\com\fasterxml\jackson\core\jackson-annotations\2.18.3\jackson-annotations-2.18.3.jar;C:\Users\jorge\.m2\repository\io\swagger\core\v3\swagger-annotations\2.1.10\swagger-annotations-2.1.10.jar;C:\Users\jorge\.m2\repository\org\apache\avro\avro\1.11.3\avro-1.11.3.jar;C:\Users\jorge\.m2\repository\com\fasterxml\jackson\core\jackson-core\2.18.3\jackson-core-2.18.3.jar;C:\Users\jorge\.m2\repository\org\slf4j\slf4j-api\2.0.17\slf4j-api-2.0.17.jar;C:\Users\jorge\.m2\repository\jakarta\xml\bind\jakarta.xml.bind-api\4.0.2\jakarta.xml.bind-api-4.0.2.jar;C:\Users\jorge\.m2\repository\jakarta\activation\jakarta.activation-api\2.1.3\jakarta.activation-api-2.1.3.jar;C:\Users\jorge\.m2\repository\org\springframework\spring-core\6.2.5\spring-core-6.2.5.jar;C:\Users\jorge\.m2\repository\org\springframework\spring-jcl\6.2.5\spring-jcl-6.2.5.jar;C:\Users\jorge\.m2\repository\org\asynchttpclient\async-http-client\3.0.2\async-http-client-3.0.2.jar;C:\Users\jorge\.m2\repository\io\netty\netty-buffer\4.1.119.Final\netty-buffer-4.1.119.Final.jar;C:\Users\jorge\.m2\repository\io\netty\netty-codec-http\4.1.119.Final\netty-codec-http-4.1.119.Final.jar;C:\Users\jorge\.m2\repository\io\netty\netty-codec\4.1.119.Final\netty-codec-4.1.119.Final.jar;C:\Users\jorge\.m2\repository\io\netty\netty-codec-socks\4.1.119.Final\netty-codec-socks-4.1.119.Final.jar;C:\Users\jorge\.m2\repository\io\netty\netty-handler-proxy\4.1.119.Final\netty-handler-proxy-4.1.119.Final.jar;C:\Users\jorge\.m2\repository\io\netty\netty-common\4.1.119.Final\netty-common-4.1.119.Final.jar;C:\Users\jorge\.m2\repository\io\netty\netty-transport\4.1.119.Final\netty-transport-4.1.119.Final.jar;C:\Users\jorge\.m2\repository\io\netty\netty-resolver\4.1.119.Final\netty-resolver-4.1.119.Final.jar;C:\Users\jorge\.m2\repository\io\netty\netty-handler\4.1.119.Final\netty-handler-4.1.119.Final.jar;C:\Users\jorge\.m2\repository\io\netty\netty-transport-native-unix-common\4.1.119.Final\netty-transport-native-unix-common-4.1.119.Final.jar;C:\Users\jorge\.m2\repository\io\netty\netty-resolver-dns\4.1.119.Final\netty-resolver-dns-4.1.119.Final.jar;C:\Users\jorge\.m2\repository\io\netty\netty-codec-dns\4.1.119.Final\netty-codec-dns-4.1.119.Final.jar;C:\Users\jorge\.m2\repository\com\sun\activation\jakarta.activation\2.0.1\jakarta.activation-2.0.1.jar;C:\Users\jorge\.m2\repository\org\jetbrains\annotations\26.0.2\annotations-26.0.2.jar;C:\Users\jorge\.m2\repository\br\com\intersistemas\JAsaas\3.8.6\JAsaas-3.8.6.jar;C:\Users\jorge\.m2\repository\com\google\code\gson\gson\2.11.0\gson-2.11.0.jar;C:\Users\jorge\.m2\repository\org\apache\httpcomponents\httpclient\4.5.14\httpclient-4.5.14.jar;C:\Users\jorge\.m2\repository\org\apache\httpcomponents\httpcore\4.4.16\httpcore-4.4.16.jar;C:\Users\jorge\.m2\repository\commons-logging\commons-logging\1.2\commons-logging-1.2.jar
Launcher Type: SUN_STANDARD

[Global flags]
     intx CICompilerCount                          = 3                                         {product} {ergonomic}
     uint ConcGCThreads                            = 1                                         {product} {ergonomic}
     uint G1ConcRefinementThreads                  = 4                                         {product} {ergonomic}
   size_t G1HeapRegionSize                         = 2097152                                   {product} {ergonomic}
    uintx GCDrainStackTargetSize                   = 64                                        {product} {ergonomic}
   size_t InitialHeapSize                          = 268435456                                 {product} {ergonomic}
     bool ManagementServer                         = true                                      {product} {command line}
   size_t MarkStackSize                            = 4194304                                   {product} {ergonomic}
   size_t MaxHeapSize                              = 4273995776                                {product} {ergonomic}
   size_t MaxNewSize                               = 2562719744                                {product} {ergonomic}
   size_t MinHeapDeltaBytes                        = 2097152                                   {product} {ergonomic}
   size_t MinHeapSize                              = 8388608                                   {product} {ergonomic}
    uintx NonNMethodCodeHeapSize                   = 4096                                   {pd product} {ergonomic}
    uintx NonProfiledCodeHeapSize                  = 0                                      {pd product} {ergonomic}
     bool ProfileInterpreter                       = false                                  {pd product} {command line}
    uintx ProfiledCodeHeapSize                     = 0                                      {pd product} {ergonomic}
     bool ShowCodeDetailsInExceptionMessages       = true                                   {manageable} {command line}
   size_t SoftMaxHeapSize                          = 4273995776                             {manageable} {ergonomic}
     intx TieredStopAtLevel                        = 1                                         {product} {command line}
     bool UseCompressedOops                        = true                           {product lp64_product} {ergonomic}
     bool UseG1GC                                  = true                                      {product} {ergonomic}
     bool UseLargePagesIndividualAllocation        = false                                  {pd product} {ergonomic}

Logging:
Log output configuration:
 #0: stdout all=warning uptime,level,tags foldmultilines=false
 #1: stderr all=off uptime,level,tags foldmultilines=false

Environment Variables:
JAVA_HOME=C:\Program Files\Java\zulu21.30.15-ca-jdk21.0.1-win_x64
PATH=C:\Users\jorge\OneDrive\Desktop\sts-4.29.1.RELEASE\plugins\org.eclipse.justj.openjdk.hotspot.jre.full.win32.x86_64_21.0.6.v20250130-0529\jre\bin;C:/Users/jorge/OneDrive/Desktop/sts-4.29.1.RELEASE//plugins/org.eclipse.justj.openjdk.hotspot.jre.full.win32.x86_64_21.0.6.v20250130-0529/jre/bin/server;C:/Users/jorge/OneDrive/Desktop/sts-4.29.1.RELEASE//plugins/org.eclipse.justj.openjdk.hotspot.jre.full.win32.x86_64_21.0.6.v20250130-0529/jre/bin;C:\Program Files\Java\zulu21.30.15-ca-jdk21.0.1-win_x64\bin;C:\Windows\system32;C:\Windows;C:\Windows\System32\Wbem;C:\Windows\System32\WindowsPowerShell\v1.0\;C:\Windows\System32\OpenSSH\;C:\Program Files\Git\cmd;C:\Program Files\nodejs\;C:\Users\jorge\.config\herd\bin\nvm;C:\Program Files\nodejs;C:\Program Files\Docker\Docker\resources\bin;C:\ProgramData\chocolatey\bin;C:\Program Files\dotnet\;F:\apache-maven-3.9.9\bin;C:\Users\jorge\.config\herd\bin;C:\PHP;C:\Users\jorge\AppData\Local\Microsoft\WindowsApps;C:\Microsoft VS Code\bin;C:\Users\jorge\AppData\Roaming\npm;C:\Program Files\heroku\bin;C:\Program Files\OpenSSL-Win64\bin;C:\Program Files\OpenSSL-Win64\bin;;D:\IntelliJ IDEA 2025.1\bin;;C:\Users\jorge\OneDrive\Desktop\sts-4.29.1.RELEASE;
USERNAME=jorge
OS=Windows_NT
PROCESSOR_IDENTIFIER=Intel64 Family 6 Model 94 Stepping 3, GenuineIntel
TMP=C:\Users\jorge\AppData\Local\Temp
TEMP=C:\Users\jorge\AppData\Local\Temp




Periodic native trim disabled

---------------  S Y S T E M  ---------------

OS:
 Windows 10 , 64 bit Build 19041 (10.0.19041.5678)
OS uptime: 0 days 1:10 hours
Hyper-V role detected

CPU: total 4 (initial active 4) (4 cores per cpu, 1 threads per core) family 6 model 94 stepping 3 microcode 0xcc, cx8, cmov, fxsr, mmx, 3dnowpref, sse, sse2, sse3, ssse3, sse4.1, sse4.2, popcnt, lzcnt, tsc, tscinvbit, avx, avx2, aes, erms, clmul, bmi1, bmi2, rtm, adx, fma, vzeroupper, clflush, clflushopt, hv, rdtscp, f16c
Processor Information for the first 4 processors :
  Max Mhz: 3501, Current Mhz: 3501, Mhz Limit: 3501

Memory: 4k page, system-wide physical 16302M (6340M free)
TotalPageFile size 27054M (AvailPageFile size 13343M)
current process WorkingSet (physical memory assigned to process): 329M, peak: 329M
current process commit charge ("private bytes"): 355M, peak: 376M

vm_info: OpenJDK 64-Bit Server VM (21.0.6+7-LTS) for windows-amd64 JRE (21.0.6+7-LTS), built on 2025-01-21T00:00:00Z by "admin" with MS VC++ 17.7 (VS2022)

END.
